ERROR - 2021-10-08 09:16:18 --> Error connecting to the database: Access denied for user ''@'localhost' (using password: NO)
ERROR - 2021-10-08 09:21:42 --> You have an error in your SQL syntax; check the manual that corresponds to your MariaDB server version for the right syntax to use near ''publish','unpublish') NOT NULL DEFAULT 'publish',
	CONSTRAINT `pk_banner` PR...' at line 11
CRITICAL - 2021-10-08 09:29:11 --> Trying to get property 'fullname' of non-object
#0 E:\Xampp2\htdocs\health\Demo\app\Views\backend\layout\navbar.php(21): CodeIgniter\Debug\Exceptions->errorHandler(8, 'Trying to get p...', 'E:\\Xampp2\\htdoc...', 21, Array)
#1 E:\Xampp2\htdocs\health\Demo\vendor\codeigniter4\framework\system\View\View.php(214): include('E:\\Xampp2\\htdoc...')
#2 E:\Xampp2\htdocs\health\Demo\vendor\codeigniter4\framework\system\View\View.php(217): CodeIgniter\View\View->CodeIgniter\View\{closure}()
#3 E:\Xampp2\htdocs\health\Demo\vendor\codeigniter4\framework\system\View\View.php(432): CodeIgniter\View\View->render('backend/layout/...', NULL, true)
#4 E:\Xampp2\htdocs\health\Demo\app\Views\backend\layout\content.php(3): CodeIgniter\View\View->include('backend/layout/...')
#5 E:\Xampp2\htdocs\health\Demo\vendor\codeigniter4\framework\system\View\View.php(214): include('E:\\Xampp2\\htdoc...')
#6 E:\Xampp2\htdocs\health\Demo\vendor\codeigniter4\framework\system\View\View.php(217): CodeIgniter\View\View->CodeIgniter\View\{closure}()
#7 E:\Xampp2\htdocs\health\Demo\vendor\codeigniter4\framework\system\View\View.php(230): CodeIgniter\View\View->render('backend/layout/...', Array, true)
#8 E:\Xampp2\htdocs\health\Demo\vendor\codeigniter4\framework\system\Common.php(1092): CodeIgniter\View\View->render('backend/pages/d...', Array, true)
#9 E:\Xampp2\htdocs\health\Demo\app\Controllers\Admin\Home.php(24): view('backend/pages/d...', Array)
#10 E:\Xampp2\htdocs\health\Demo\vendor\codeigniter4\framework\system\CodeIgniter.php(802): App\Controllers\Admin\Home->index()
#11 E:\Xampp2\htdocs\health\Demo\vendor\codeigniter4\framework\system\CodeIgniter.php(399): CodeIgniter\CodeIgniter->runController(Object(App\Controllers\Admin\Home))
#12 E:\Xampp2\htdocs\health\Demo\vendor\codeigniter4\framework\system\CodeIgniter.php(317): CodeIgniter\CodeIgniter->handleRequest(NULL, Object(Config\Cache), false)
#13 E:\Xampp2\htdocs\health\Demo\public\index.php(37): CodeIgniter\CodeIgniter->run()
#14 E:\Xampp2\htdocs\health\Demo\vendor\codeigniter4\framework\system\Commands\Server\rewrite.php(43): require_once('E:\\Xampp2\\htdoc...')
#15 {main}
CRITICAL - 2021-10-08 09:29:12 --> Trying to get property 'fullname' of non-object
#0 E:\Xampp2\htdocs\health\Demo\app\Views\backend\layout\navbar.php(21): CodeIgniter\Debug\Exceptions->errorHandler(8, 'Trying to get p...', 'E:\\Xampp2\\htdoc...', 21, Array)
#1 E:\Xampp2\htdocs\health\Demo\vendor\codeigniter4\framework\system\View\View.php(214): include('E:\\Xampp2\\htdoc...')
#2 E:\Xampp2\htdocs\health\Demo\vendor\codeigniter4\framework\system\View\View.php(217): CodeIgniter\View\View->CodeIgniter\View\{closure}()
#3 E:\Xampp2\htdocs\health\Demo\vendor\codeigniter4\framework\system\View\View.php(432): CodeIgniter\View\View->render('backend/layout/...', NULL, true)
#4 E:\Xampp2\htdocs\health\Demo\app\Views\backend\layout\content.php(3): CodeIgniter\View\View->include('backend/layout/...')
#5 E:\Xampp2\htdocs\health\Demo\vendor\codeigniter4\framework\system\View\View.php(214): include('E:\\Xampp2\\htdoc...')
#6 E:\Xampp2\htdocs\health\Demo\vendor\codeigniter4\framework\system\View\View.php(217): CodeIgniter\View\View->CodeIgniter\View\{closure}()
#7 E:\Xampp2\htdocs\health\Demo\vendor\codeigniter4\framework\system\View\View.php(230): CodeIgniter\View\View->render('backend/layout/...', Array, true)
#8 E:\Xampp2\htdocs\health\Demo\vendor\codeigniter4\framework\system\Common.php(1092): CodeIgniter\View\View->render('backend/pages/d...', Array, true)
#9 E:\Xampp2\htdocs\health\Demo\app\Controllers\Admin\Home.php(24): view('backend/pages/d...', Array)
#10 E:\Xampp2\htdocs\health\Demo\vendor\codeigniter4\framework\system\CodeIgniter.php(802): App\Controllers\Admin\Home->index()
#11 E:\Xampp2\htdocs\health\Demo\vendor\codeigniter4\framework\system\CodeIgniter.php(399): CodeIgniter\CodeIgniter->runController(Object(App\Controllers\Admin\Home))
#12 E:\Xampp2\htdocs\health\Demo\vendor\codeigniter4\framework\system\CodeIgniter.php(317): CodeIgniter\CodeIgniter->handleRequest(NULL, Object(Config\Cache), false)
#13 E:\Xampp2\htdocs\health\Demo\public\index.php(37): CodeIgniter\CodeIgniter->run()
#14 E:\Xampp2\htdocs\health\Demo\vendor\codeigniter4\framework\system\Commands\Server\rewrite.php(43): require_once('E:\\Xampp2\\htdoc...')
#15 {main}
ERROR - 2021-10-08 09:36:12 --> Unknown column 'banner_id' in 'where clause'
CRITICAL - 2021-10-08 09:36:12 --> Unknown column 'banner_id' in 'where clause'
#0 E:\Xampp2\htdocs\health\Demo\vendor\codeigniter4\framework\system\Database\MySQLi\Connection.php(280): mysqli->query('SELECT COUNT(*)...')
#1 E:\Xampp2\htdocs\health\Demo\vendor\codeigniter4\framework\system\Database\BaseConnection.php(663): CodeIgniter\Database\MySQLi\Connection->execute('SELECT COUNT(*)...')
#2 E:\Xampp2\htdocs\health\Demo\vendor\codeigniter4\framework\system\Database\BaseConnection.php(591): CodeIgniter\Database\BaseConnection->simpleQuery('SELECT COUNT(*)...')
#3 E:\Xampp2\htdocs\health\Demo\vendor\codeigniter4\framework\system\Database\BaseBuilder.php(1512): CodeIgniter\Database\BaseConnection->query('SELECT COUNT(*)...', Array, false)
#4 E:\Xampp2\htdocs\health\Demo\vendor\codeigniter4\framework\system\Model.php(509): CodeIgniter\Database\BaseBuilder->countAllResults(true)
#5 E:\Xampp2\htdocs\health\Demo\vendor\codeigniter4\framework\system\Model.php(592): CodeIgniter\Model->countAllResults()
#6 E:\Xampp2\htdocs\health\Demo\vendor\codeigniter4\framework\system\BaseModel.php(655): CodeIgniter\Model->shouldUpdate(Array)
#7 E:\Xampp2\htdocs\health\Demo\app\Controllers\Admin\Banner.php(97): CodeIgniter\BaseModel->save(Array)
#8 E:\Xampp2\htdocs\health\Demo\vendor\codeigniter4\framework\system\CodeIgniter.php(802): App\Controllers\Admin\Banner->save()
#9 E:\Xampp2\htdocs\health\Demo\vendor\codeigniter4\framework\system\CodeIgniter.php(399): CodeIgniter\CodeIgniter->runController(Object(App\Controllers\Admin\Banner))
#10 E:\Xampp2\htdocs\health\Demo\vendor\codeigniter4\framework\system\CodeIgniter.php(317): CodeIgniter\CodeIgniter->handleRequest(NULL, Object(Config\Cache), false)
#11 E:\Xampp2\htdocs\health\Demo\public\index.php(37): CodeIgniter\CodeIgniter->run()
#12 E:\Xampp2\htdocs\health\Demo\vendor\codeigniter4\framework\system\Commands\Server\rewrite.php(43): require_once('E:\\Xampp2\\htdoc...')
#13 {main}
ERROR - 2021-10-08 09:37:06 --> Unknown column 'sort' in 'field list'
CRITICAL - 2021-10-08 09:37:06 --> Unknown column 'sort' in 'field list'
#0 E:\Xampp2\htdocs\health\Demo\vendor\codeigniter4\framework\system\Database\MySQLi\Connection.php(280): mysqli->query('INSERT INTO `ba...')
#1 E:\Xampp2\htdocs\health\Demo\vendor\codeigniter4\framework\system\Database\BaseConnection.php(663): CodeIgniter\Database\MySQLi\Connection->execute('INSERT INTO `ba...')
#2 E:\Xampp2\htdocs\health\Demo\vendor\codeigniter4\framework\system\Database\BaseConnection.php(591): CodeIgniter\Database\BaseConnection->simpleQuery('INSERT INTO `ba...')
#3 E:\Xampp2\htdocs\health\Demo\vendor\codeigniter4\framework\system\Database\BaseBuilder.php(1733): CodeIgniter\Database\BaseConnection->query('INSERT INTO `ba...', Array, false)
#4 E:\Xampp2\htdocs\health\Demo\vendor\codeigniter4\framework\system\Model.php(239): CodeIgniter\Database\BaseBuilder->insert()
#5 E:\Xampp2\htdocs\health\Demo\vendor\codeigniter4\framework\system\BaseModel.php(738): CodeIgniter\Model->doInsert(Array)
#6 E:\Xampp2\htdocs\health\Demo\vendor\codeigniter4\framework\system\Model.php(620): CodeIgniter\BaseModel->insert(Array, false)
#7 E:\Xampp2\htdocs\health\Demo\vendor\codeigniter4\framework\system\BaseModel.php(658): CodeIgniter\Model->insert(Array, false)
#8 E:\Xampp2\htdocs\health\Demo\app\Controllers\Admin\Banner.php(97): CodeIgniter\BaseModel->save(Array)
#9 E:\Xampp2\htdocs\health\Demo\vendor\codeigniter4\framework\system\CodeIgniter.php(802): App\Controllers\Admin\Banner->save()
#10 E:\Xampp2\htdocs\health\Demo\vendor\codeigniter4\framework\system\CodeIgniter.php(399): CodeIgniter\CodeIgniter->runController(Object(App\Controllers\Admin\Banner))
#11 E:\Xampp2\htdocs\health\Demo\vendor\codeigniter4\framework\system\CodeIgniter.php(317): CodeIgniter\CodeIgniter->handleRequest(NULL, Object(Config\Cache), false)
#12 E:\Xampp2\htdocs\health\Demo\public\index.php(37): CodeIgniter\CodeIgniter->run()
#13 E:\Xampp2\htdocs\health\Demo\vendor\codeigniter4\framework\system\Commands\Server\rewrite.php(43): require_once('E:\\Xampp2\\htdoc...')
#14 {main}
CRITICAL - 2021-10-08 09:43:44 --> Undefined property: stdClass::$banner_id
#0 E:\Xampp2\htdocs\health\Demo\app\Controllers\Admin\Api\Banner.php(19): CodeIgniter\Debug\Exceptions->errorHandler(8, 'Undefined prope...', 'E:\\Xampp2\\htdoc...', 19, Array)
#1 E:\Xampp2\htdocs\health\Demo\vendor\irsyadulibad\codeigniter4-datatables\src\DataProcessor.php(46): App\Controllers\Admin\Api\Banner->App\Controllers\Admin\Api\{closure}(Object(stdClass))
#2 E:\Xampp2\htdocs\health\Demo\vendor\irsyadulibad\codeigniter4-datatables\src\DataProcessor.php(21): Irsyadulibad\DataTables\DataProcessor->addColumns()
#3 E:\Xampp2\htdocs\health\Demo\vendor\irsyadulibad\codeigniter4-datatables\src\TableProcessor.php(114): Irsyadulibad\DataTables\DataProcessor->process()
#4 E:\Xampp2\htdocs\health\Demo\vendor\irsyadulibad\codeigniter4-datatables\src\TableProcessor.php(28): Irsyadulibad\DataTables\TableProcessor->results()
#5 E:\Xampp2\htdocs\health\Demo\app\Controllers\Admin\Api\Banner.php(60): Irsyadulibad\DataTables\TableProcessor->make(true)
#6 E:\Xampp2\htdocs\health\Demo\vendor\codeigniter4\framework\system\CodeIgniter.php(802): App\Controllers\Admin\Api\Banner->index()
#7 E:\Xampp2\htdocs\health\Demo\vendor\codeigniter4\framework\system\CodeIgniter.php(399): CodeIgniter\CodeIgniter->runController(Object(App\Controllers\Admin\Api\Banner))
#8 E:\Xampp2\htdocs\health\Demo\vendor\codeigniter4\framework\system\CodeIgniter.php(317): CodeIgniter\CodeIgniter->handleRequest(NULL, Object(Config\Cache), false)
#9 E:\Xampp2\htdocs\health\Demo\public\index.php(37): CodeIgniter\CodeIgniter->run()
#10 E:\Xampp2\htdocs\health\Demo\vendor\codeigniter4\framework\system\Commands\Server\rewrite.php(43): require_once('E:\\Xampp2\\htdoc...')
#11 {main}
ERROR - 2021-10-08 09:45:43 --> Unknown column 'slug_url' in 'where clause'
CRITICAL - 2021-10-08 09:45:43 --> Unknown column 'slug_url' in 'where clause'
#0 E:\Xampp2\htdocs\health\Demo\vendor\codeigniter4\framework\system\Database\MySQLi\Connection.php(280): mysqli->query('SELECT *\nFROM `...')
#1 E:\Xampp2\htdocs\health\Demo\vendor\codeigniter4\framework\system\Database\BaseConnection.php(663): CodeIgniter\Database\MySQLi\Connection->execute('SELECT *\nFROM `...')
#2 E:\Xampp2\htdocs\health\Demo\vendor\codeigniter4\framework\system\Database\BaseConnection.php(591): CodeIgniter\Database\BaseConnection->simpleQuery('SELECT *\nFROM `...')
#3 E:\Xampp2\htdocs\health\Demo\vendor\codeigniter4\framework\system\Database\BaseBuilder.php(1428): CodeIgniter\Database\BaseConnection->query('SELECT *\nFROM `...', Array, false)
#4 E:\Xampp2\htdocs\health\Demo\vendor\codeigniter4\framework\system\Model.php(145): CodeIgniter\Database\BaseBuilder->get()
#5 E:\Xampp2\htdocs\health\Demo\vendor\codeigniter4\framework\system\BaseModel.php(523): CodeIgniter\Model->doFind(false, NULL)
#6 E:\Xampp2\htdocs\health\Demo\app\Controllers\Admin\Page.php(28): CodeIgniter\BaseModel->find()
#7 E:\Xampp2\htdocs\health\Demo\vendor\codeigniter4\framework\system\CodeIgniter.php(802): App\Controllers\Admin\Page->apps('about')
#8 E:\Xampp2\htdocs\health\Demo\vendor\codeigniter4\framework\system\CodeIgniter.php(399): CodeIgniter\CodeIgniter->runController(Object(App\Controllers\Admin\Page))
#9 E:\Xampp2\htdocs\health\Demo\vendor\codeigniter4\framework\system\CodeIgniter.php(317): CodeIgniter\CodeIgniter->handleRequest(NULL, Object(Config\Cache), false)
#10 E:\Xampp2\htdocs\health\Demo\public\index.php(37): CodeIgniter\CodeIgniter->run()
#11 E:\Xampp2\htdocs\health\Demo\vendor\codeigniter4\framework\system\Commands\Server\rewrite.php(43): require_once('E:\\Xampp2\\htdoc...')
#12 {main}
ERROR - 2021-10-08 09:47:07 --> Unknown column 'slug_url' in 'where clause'
CRITICAL - 2021-10-08 09:47:07 --> Unknown column 'slug_url' in 'where clause'
#0 E:\Xampp2\htdocs\health\Demo\vendor\codeigniter4\framework\system\Database\MySQLi\Connection.php(280): mysqli->query('SELECT *\nFROM `...')
#1 E:\Xampp2\htdocs\health\Demo\vendor\codeigniter4\framework\system\Database\BaseConnection.php(663): CodeIgniter\Database\MySQLi\Connection->execute('SELECT *\nFROM `...')
#2 E:\Xampp2\htdocs\health\Demo\vendor\codeigniter4\framework\system\Database\BaseConnection.php(591): CodeIgniter\Database\BaseConnection->simpleQuery('SELECT *\nFROM `...')
#3 E:\Xampp2\htdocs\health\Demo\vendor\codeigniter4\framework\system\Database\BaseBuilder.php(1428): CodeIgniter\Database\BaseConnection->query('SELECT *\nFROM `...', Array, false)
#4 E:\Xampp2\htdocs\health\Demo\vendor\codeigniter4\framework\system\Model.php(145): CodeIgniter\Database\BaseBuilder->get()
#5 E:\Xampp2\htdocs\health\Demo\vendor\codeigniter4\framework\system\BaseModel.php(523): CodeIgniter\Model->doFind(false, NULL)
#6 E:\Xampp2\htdocs\health\Demo\app\Controllers\Admin\Page.php(28): CodeIgniter\BaseModel->find()
#7 E:\Xampp2\htdocs\health\Demo\vendor\codeigniter4\framework\system\CodeIgniter.php(802): App\Controllers\Admin\Page->apps('about')
#8 E:\Xampp2\htdocs\health\Demo\vendor\codeigniter4\framework\system\CodeIgniter.php(399): CodeIgniter\CodeIgniter->runController(Object(App\Controllers\Admin\Page))
#9 E:\Xampp2\htdocs\health\Demo\vendor\codeigniter4\framework\system\CodeIgniter.php(317): CodeIgniter\CodeIgniter->handleRequest(NULL, Object(Config\Cache), false)
#10 E:\Xampp2\htdocs\health\Demo\public\index.php(37): CodeIgniter\CodeIgniter->run()
#11 E:\Xampp2\htdocs\health\Demo\vendor\codeigniter4\framework\system\Commands\Server\rewrite.php(43): require_once('E:\\Xampp2\\htdoc...')
#12 {main}
ERROR - 2021-10-08 09:47:09 --> Unknown column 'slug_url' in 'where clause'
CRITICAL - 2021-10-08 09:47:09 --> Unknown column 'slug_url' in 'where clause'
#0 E:\Xampp2\htdocs\health\Demo\vendor\codeigniter4\framework\system\Database\MySQLi\Connection.php(280): mysqli->query('SELECT *\nFROM `...')
#1 E:\Xampp2\htdocs\health\Demo\vendor\codeigniter4\framework\system\Database\BaseConnection.php(663): CodeIgniter\Database\MySQLi\Connection->execute('SELECT *\nFROM `...')
#2 E:\Xampp2\htdocs\health\Demo\vendor\codeigniter4\framework\system\Database\BaseConnection.php(591): CodeIgniter\Database\BaseConnection->simpleQuery('SELECT *\nFROM `...')
#3 E:\Xampp2\htdocs\health\Demo\vendor\codeigniter4\framework\system\Database\BaseBuilder.php(1428): CodeIgniter\Database\BaseConnection->query('SELECT *\nFROM `...', Array, false)
#4 E:\Xampp2\htdocs\health\Demo\vendor\codeigniter4\framework\system\Model.php(145): CodeIgniter\Database\BaseBuilder->get()
#5 E:\Xampp2\htdocs\health\Demo\vendor\codeigniter4\framework\system\BaseModel.php(523): CodeIgniter\Model->doFind(false, NULL)
#6 E:\Xampp2\htdocs\health\Demo\app\Controllers\Admin\Page.php(28): CodeIgniter\BaseModel->find()
#7 E:\Xampp2\htdocs\health\Demo\vendor\codeigniter4\framework\system\CodeIgniter.php(802): App\Controllers\Admin\Page->apps('about')
#8 E:\Xampp2\htdocs\health\Demo\vendor\codeigniter4\framework\system\CodeIgniter.php(399): CodeIgniter\CodeIgniter->runController(Object(App\Controllers\Admin\Page))
#9 E:\Xampp2\htdocs\health\Demo\vendor\codeigniter4\framework\system\CodeIgniter.php(317): CodeIgniter\CodeIgniter->handleRequest(NULL, Object(Config\Cache), false)
#10 E:\Xampp2\htdocs\health\Demo\public\index.php(37): CodeIgniter\CodeIgniter->run()
#11 E:\Xampp2\htdocs\health\Demo\vendor\codeigniter4\framework\system\Commands\Server\rewrite.php(43): require_once('E:\\Xampp2\\htdoc...')
#12 {main}
ERROR - 2021-10-08 09:47:11 --> Unknown column 'slug_url' in 'where clause'
CRITICAL - 2021-10-08 09:47:11 --> Unknown column 'slug_url' in 'where clause'
#0 E:\Xampp2\htdocs\health\Demo\vendor\codeigniter4\framework\system\Database\MySQLi\Connection.php(280): mysqli->query('SELECT *\nFROM `...')
#1 E:\Xampp2\htdocs\health\Demo\vendor\codeigniter4\framework\system\Database\BaseConnection.php(663): CodeIgniter\Database\MySQLi\Connection->execute('SELECT *\nFROM `...')
#2 E:\Xampp2\htdocs\health\Demo\vendor\codeigniter4\framework\system\Database\BaseConnection.php(591): CodeIgniter\Database\BaseConnection->simpleQuery('SELECT *\nFROM `...')
#3 E:\Xampp2\htdocs\health\Demo\vendor\codeigniter4\framework\system\Database\BaseBuilder.php(1428): CodeIgniter\Database\BaseConnection->query('SELECT *\nFROM `...', Array, false)
#4 E:\Xampp2\htdocs\health\Demo\vendor\codeigniter4\framework\system\Model.php(145): CodeIgniter\Database\BaseBuilder->get()
#5 E:\Xampp2\htdocs\health\Demo\vendor\codeigniter4\framework\system\BaseModel.php(523): CodeIgniter\Model->doFind(false, NULL)
#6 E:\Xampp2\htdocs\health\Demo\app\Controllers\Admin\Page.php(28): CodeIgniter\BaseModel->find()
#7 E:\Xampp2\htdocs\health\Demo\vendor\codeigniter4\framework\system\CodeIgniter.php(802): App\Controllers\Admin\Page->apps('about')
#8 E:\Xampp2\htdocs\health\Demo\vendor\codeigniter4\framework\system\CodeIgniter.php(399): CodeIgniter\CodeIgniter->runController(Object(App\Controllers\Admin\Page))
#9 E:\Xampp2\htdocs\health\Demo\vendor\codeigniter4\framework\system\CodeIgniter.php(317): CodeIgniter\CodeIgniter->handleRequest(NULL, Object(Config\Cache), false)
#10 E:\Xampp2\htdocs\health\Demo\public\index.php(37): CodeIgniter\CodeIgniter->run()
#11 E:\Xampp2\htdocs\health\Demo\vendor\codeigniter4\framework\system\Commands\Server\rewrite.php(43): require_once('E:\\Xampp2\\htdoc...')
#12 {main}
ERROR - 2021-10-08 09:47:12 --> Unknown column 'slug_url' in 'where clause'
CRITICAL - 2021-10-08 09:47:12 --> Unknown column 'slug_url' in 'where clause'
#0 E:\Xampp2\htdocs\health\Demo\vendor\codeigniter4\framework\system\Database\MySQLi\Connection.php(280): mysqli->query('SELECT *\nFROM `...')
#1 E:\Xampp2\htdocs\health\Demo\vendor\codeigniter4\framework\system\Database\BaseConnection.php(663): CodeIgniter\Database\MySQLi\Connection->execute('SELECT *\nFROM `...')
#2 E:\Xampp2\htdocs\health\Demo\vendor\codeigniter4\framework\system\Database\BaseConnection.php(591): CodeIgniter\Database\BaseConnection->simpleQuery('SELECT *\nFROM `...')
#3 E:\Xampp2\htdocs\health\Demo\vendor\codeigniter4\framework\system\Database\BaseBuilder.php(1428): CodeIgniter\Database\BaseConnection->query('SELECT *\nFROM `...', Array, false)
#4 E:\Xampp2\htdocs\health\Demo\vendor\codeigniter4\framework\system\Model.php(145): CodeIgniter\Database\BaseBuilder->get()
#5 E:\Xampp2\htdocs\health\Demo\vendor\codeigniter4\framework\system\BaseModel.php(523): CodeIgniter\Model->doFind(false, NULL)
#6 E:\Xampp2\htdocs\health\Demo\app\Controllers\Admin\Page.php(28): CodeIgniter\BaseModel->find()
#7 E:\Xampp2\htdocs\health\Demo\vendor\codeigniter4\framework\system\CodeIgniter.php(802): App\Controllers\Admin\Page->apps('about')
#8 E:\Xampp2\htdocs\health\Demo\vendor\codeigniter4\framework\system\CodeIgniter.php(399): CodeIgniter\CodeIgniter->runController(Object(App\Controllers\Admin\Page))
#9 E:\Xampp2\htdocs\health\Demo\vendor\codeigniter4\framework\system\CodeIgniter.php(317): CodeIgniter\CodeIgniter->handleRequest(NULL, Object(Config\Cache), false)
#10 E:\Xampp2\htdocs\health\Demo\public\index.php(37): CodeIgniter\CodeIgniter->run()
#11 E:\Xampp2\htdocs\health\Demo\vendor\codeigniter4\framework\system\Commands\Server\rewrite.php(43): require_once('E:\\Xampp2\\htdoc...')
#12 {main}
ERROR - 2021-10-08 09:47:13 --> Unknown column 'slug_url' in 'where clause'
CRITICAL - 2021-10-08 09:47:13 --> Unknown column 'slug_url' in 'where clause'
#0 E:\Xampp2\htdocs\health\Demo\vendor\codeigniter4\framework\system\Database\MySQLi\Connection.php(280): mysqli->query('SELECT *\nFROM `...')
#1 E:\Xampp2\htdocs\health\Demo\vendor\codeigniter4\framework\system\Database\BaseConnection.php(663): CodeIgniter\Database\MySQLi\Connection->execute('SELECT *\nFROM `...')
#2 E:\Xampp2\htdocs\health\Demo\vendor\codeigniter4\framework\system\Database\BaseConnection.php(591): CodeIgniter\Database\BaseConnection->simpleQuery('SELECT *\nFROM `...')
#3 E:\Xampp2\htdocs\health\Demo\vendor\codeigniter4\framework\system\Database\BaseBuilder.php(1428): CodeIgniter\Database\BaseConnection->query('SELECT *\nFROM `...', Array, false)
#4 E:\Xampp2\htdocs\health\Demo\vendor\codeigniter4\framework\system\Model.php(145): CodeIgniter\Database\BaseBuilder->get()
#5 E:\Xampp2\htdocs\health\Demo\vendor\codeigniter4\framework\system\BaseModel.php(523): CodeIgniter\Model->doFind(false, NULL)
#6 E:\Xampp2\htdocs\health\Demo\app\Controllers\Admin\Page.php(28): CodeIgniter\BaseModel->find()
#7 E:\Xampp2\htdocs\health\Demo\vendor\codeigniter4\framework\system\CodeIgniter.php(802): App\Controllers\Admin\Page->apps('about')
#8 E:\Xampp2\htdocs\health\Demo\vendor\codeigniter4\framework\system\CodeIgniter.php(399): CodeIgniter\CodeIgniter->runController(Object(App\Controllers\Admin\Page))
#9 E:\Xampp2\htdocs\health\Demo\vendor\codeigniter4\framework\system\CodeIgniter.php(317): CodeIgniter\CodeIgniter->handleRequest(NULL, Object(Config\Cache), false)
#10 E:\Xampp2\htdocs\health\Demo\public\index.php(37): CodeIgniter\CodeIgniter->run()
#11 E:\Xampp2\htdocs\health\Demo\vendor\codeigniter4\framework\system\Commands\Server\rewrite.php(43): require_once('E:\\Xampp2\\htdoc...')
#12 {main}
ERROR - 2021-10-08 09:47:13 --> Unknown column 'slug_url' in 'where clause'
CRITICAL - 2021-10-08 09:47:13 --> Unknown column 'slug_url' in 'where clause'
#0 E:\Xampp2\htdocs\health\Demo\vendor\codeigniter4\framework\system\Database\MySQLi\Connection.php(280): mysqli->query('SELECT *\nFROM `...')
#1 E:\Xampp2\htdocs\health\Demo\vendor\codeigniter4\framework\system\Database\BaseConnection.php(663): CodeIgniter\Database\MySQLi\Connection->execute('SELECT *\nFROM `...')
#2 E:\Xampp2\htdocs\health\Demo\vendor\codeigniter4\framework\system\Database\BaseConnection.php(591): CodeIgniter\Database\BaseConnection->simpleQuery('SELECT *\nFROM `...')
#3 E:\Xampp2\htdocs\health\Demo\vendor\codeigniter4\framework\system\Database\BaseBuilder.php(1428): CodeIgniter\Database\BaseConnection->query('SELECT *\nFROM `...', Array, false)
#4 E:\Xampp2\htdocs\health\Demo\vendor\codeigniter4\framework\system\Model.php(145): CodeIgniter\Database\BaseBuilder->get()
#5 E:\Xampp2\htdocs\health\Demo\vendor\codeigniter4\framework\system\BaseModel.php(523): CodeIgniter\Model->doFind(false, NULL)
#6 E:\Xampp2\htdocs\health\Demo\app\Controllers\Admin\Page.php(28): CodeIgniter\BaseModel->find()
#7 E:\Xampp2\htdocs\health\Demo\vendor\codeigniter4\framework\system\CodeIgniter.php(802): App\Controllers\Admin\Page->apps('about')
#8 E:\Xampp2\htdocs\health\Demo\vendor\codeigniter4\framework\system\CodeIgniter.php(399): CodeIgniter\CodeIgniter->runController(Object(App\Controllers\Admin\Page))
#9 E:\Xampp2\htdocs\health\Demo\vendor\codeigniter4\framework\system\CodeIgniter.php(317): CodeIgniter\CodeIgniter->handleRequest(NULL, Object(Config\Cache), false)
#10 E:\Xampp2\htdocs\health\Demo\public\index.php(37): CodeIgniter\CodeIgniter->run()
#11 E:\Xampp2\htdocs\health\Demo\vendor\codeigniter4\framework\system\Commands\Server\rewrite.php(43): require_once('E:\\Xampp2\\htdoc...')
#12 {main}
ERROR - 2021-10-08 09:47:13 --> Unknown column 'slug_url' in 'where clause'
CRITICAL - 2021-10-08 09:47:13 --> Unknown column 'slug_url' in 'where clause'
#0 E:\Xampp2\htdocs\health\Demo\vendor\codeigniter4\framework\system\Database\MySQLi\Connection.php(280): mysqli->query('SELECT *\nFROM `...')
#1 E:\Xampp2\htdocs\health\Demo\vendor\codeigniter4\framework\system\Database\BaseConnection.php(663): CodeIgniter\Database\MySQLi\Connection->execute('SELECT *\nFROM `...')
#2 E:\Xampp2\htdocs\health\Demo\vendor\codeigniter4\framework\system\Database\BaseConnection.php(591): CodeIgniter\Database\BaseConnection->simpleQuery('SELECT *\nFROM `...')
#3 E:\Xampp2\htdocs\health\Demo\vendor\codeigniter4\framework\system\Database\BaseBuilder.php(1428): CodeIgniter\Database\BaseConnection->query('SELECT *\nFROM `...', Array, false)
#4 E:\Xampp2\htdocs\health\Demo\vendor\codeigniter4\framework\system\Model.php(145): CodeIgniter\Database\BaseBuilder->get()
#5 E:\Xampp2\htdocs\health\Demo\vendor\codeigniter4\framework\system\BaseModel.php(523): CodeIgniter\Model->doFind(false, NULL)
#6 E:\Xampp2\htdocs\health\Demo\app\Controllers\Admin\Page.php(28): CodeIgniter\BaseModel->find()
#7 E:\Xampp2\htdocs\health\Demo\vendor\codeigniter4\framework\system\CodeIgniter.php(802): App\Controllers\Admin\Page->apps('about')
#8 E:\Xampp2\htdocs\health\Demo\vendor\codeigniter4\framework\system\CodeIgniter.php(399): CodeIgniter\CodeIgniter->runController(Object(App\Controllers\Admin\Page))
#9 E:\Xampp2\htdocs\health\Demo\vendor\codeigniter4\framework\system\CodeIgniter.php(317): CodeIgniter\CodeIgniter->handleRequest(NULL, Object(Config\Cache), false)
#10 E:\Xampp2\htdocs\health\Demo\public\index.php(37): CodeIgniter\CodeIgniter->run()
#11 E:\Xampp2\htdocs\health\Demo\vendor\codeigniter4\framework\system\Commands\Server\rewrite.php(43): require_once('E:\\Xampp2\\htdoc...')
#12 {main}
ERROR - 2021-10-08 09:47:14 --> Unknown column 'slug_url' in 'where clause'
CRITICAL - 2021-10-08 09:47:14 --> Unknown column 'slug_url' in 'where clause'
#0 E:\Xampp2\htdocs\health\Demo\vendor\codeigniter4\framework\system\Database\MySQLi\Connection.php(280): mysqli->query('SELECT *\nFROM `...')
#1 E:\Xampp2\htdocs\health\Demo\vendor\codeigniter4\framework\system\Database\BaseConnection.php(663): CodeIgniter\Database\MySQLi\Connection->execute('SELECT *\nFROM `...')
#2 E:\Xampp2\htdocs\health\Demo\vendor\codeigniter4\framework\system\Database\BaseConnection.php(591): CodeIgniter\Database\BaseConnection->simpleQuery('SELECT *\nFROM `...')
#3 E:\Xampp2\htdocs\health\Demo\vendor\codeigniter4\framework\system\Database\BaseBuilder.php(1428): CodeIgniter\Database\BaseConnection->query('SELECT *\nFROM `...', Array, false)
#4 E:\Xampp2\htdocs\health\Demo\vendor\codeigniter4\framework\system\Model.php(145): CodeIgniter\Database\BaseBuilder->get()
#5 E:\Xampp2\htdocs\health\Demo\vendor\codeigniter4\framework\system\BaseModel.php(523): CodeIgniter\Model->doFind(false, NULL)
#6 E:\Xampp2\htdocs\health\Demo\app\Controllers\Admin\Page.php(28): CodeIgniter\BaseModel->find()
#7 E:\Xampp2\htdocs\health\Demo\vendor\codeigniter4\framework\system\CodeIgniter.php(802): App\Controllers\Admin\Page->apps('about')
#8 E:\Xampp2\htdocs\health\Demo\vendor\codeigniter4\framework\system\CodeIgniter.php(399): CodeIgniter\CodeIgniter->runController(Object(App\Controllers\Admin\Page))
#9 E:\Xampp2\htdocs\health\Demo\vendor\codeigniter4\framework\system\CodeIgniter.php(317): CodeIgniter\CodeIgniter->handleRequest(NULL, Object(Config\Cache), false)
#10 E:\Xampp2\htdocs\health\Demo\public\index.php(37): CodeIgniter\CodeIgniter->run()
#11 E:\Xampp2\htdocs\health\Demo\vendor\codeigniter4\framework\system\Commands\Server\rewrite.php(43): require_once('E:\\Xampp2\\htdoc...')
#12 {main}
ERROR - 2021-10-08 09:47:14 --> Unknown column 'slug_url' in 'where clause'
CRITICAL - 2021-10-08 09:47:14 --> Unknown column 'slug_url' in 'where clause'
#0 E:\Xampp2\htdocs\health\Demo\vendor\codeigniter4\framework\system\Database\MySQLi\Connection.php(280): mysqli->query('SELECT *\nFROM `...')
#1 E:\Xampp2\htdocs\health\Demo\vendor\codeigniter4\framework\system\Database\BaseConnection.php(663): CodeIgniter\Database\MySQLi\Connection->execute('SELECT *\nFROM `...')
#2 E:\Xampp2\htdocs\health\Demo\vendor\codeigniter4\framework\system\Database\BaseConnection.php(591): CodeIgniter\Database\BaseConnection->simpleQuery('SELECT *\nFROM `...')
#3 E:\Xampp2\htdocs\health\Demo\vendor\codeigniter4\framework\system\Database\BaseBuilder.php(1428): CodeIgniter\Database\BaseConnection->query('SELECT *\nFROM `...', Array, false)
#4 E:\Xampp2\htdocs\health\Demo\vendor\codeigniter4\framework\system\Model.php(145): CodeIgniter\Database\BaseBuilder->get()
#5 E:\Xampp2\htdocs\health\Demo\vendor\codeigniter4\framework\system\BaseModel.php(523): CodeIgniter\Model->doFind(false, NULL)
#6 E:\Xampp2\htdocs\health\Demo\app\Controllers\Admin\Page.php(28): CodeIgniter\BaseModel->find()
#7 E:\Xampp2\htdocs\health\Demo\vendor\codeigniter4\framework\system\CodeIgniter.php(802): App\Controllers\Admin\Page->apps('about')
#8 E:\Xampp2\htdocs\health\Demo\vendor\codeigniter4\framework\system\CodeIgniter.php(399): CodeIgniter\CodeIgniter->runController(Object(App\Controllers\Admin\Page))
#9 E:\Xampp2\htdocs\health\Demo\vendor\codeigniter4\framework\system\CodeIgniter.php(317): CodeIgniter\CodeIgniter->handleRequest(NULL, Object(Config\Cache), false)
#10 E:\Xampp2\htdocs\health\Demo\public\index.php(37): CodeIgniter\CodeIgniter->run()
#11 E:\Xampp2\htdocs\health\Demo\vendor\codeigniter4\framework\system\Commands\Server\rewrite.php(43): require_once('E:\\Xampp2\\htdoc...')
#12 {main}
