ERROR - 2021-10-13 08:12:01 --> Error connecting to the database: No connection could be made because the target machine actively refused it.

CRITICAL - 2021-10-13 08:12:01 --> Unable to connect to the database.
Main connection [MySQLi]: No connection could be made because the target machine actively refused it.

#0 E:\Xampp2\htdocs\health\Demo\vendor\codeigniter4\framework\system\Database\BaseConnection.php(570): CodeIgniter\Database\BaseConnection->initialize()
#1 E:\Xampp2\htdocs\health\Demo\vendor\codeigniter4\framework\system\Database\BaseBuilder.php(1428): CodeIgniter\Database\BaseConnection->query('SELECT `website...', Array, false)
#2 E:\Xampp2\htdocs\health\Demo\vendor\codeigniter4\framework\system\Model.php(210): CodeIgniter\Database\BaseBuilder->get()
#3 E:\Xampp2\htdocs\health\Demo\vendor\codeigniter4\framework\system\BaseModel.php(622): CodeIgniter\Model->doFirst()
#4 E:\Xampp2\htdocs\health\Demo\app\Controllers\Home.php(11): CodeIgniter\BaseModel->first()
#5 E:\Xampp2\htdocs\health\Demo\vendor\codeigniter4\framework\system\CodeIgniter.php(802): App\Controllers\Home->index()
#6 E:\Xampp2\htdocs\health\Demo\vendor\codeigniter4\framework\system\CodeIgniter.php(399): CodeIgniter\CodeIgniter->runController(Object(App\Controllers\Home))
#7 E:\Xampp2\htdocs\health\Demo\vendor\codeigniter4\framework\system\CodeIgniter.php(317): CodeIgniter\CodeIgniter->handleRequest(NULL, Object(Config\Cache), false)
#8 E:\Xampp2\htdocs\health\Demo\public\index.php(37): CodeIgniter\CodeIgniter->run()
#9 E:\Xampp2\htdocs\health\Demo\vendor\codeigniter4\framework\system\Commands\Server\rewrite.php(43): require_once('E:\\Xampp2\\htdoc...')
#10 {main}
CRITICAL - 2021-10-13 08:12:16 --> array_push() expects parameter 1 to be array, null given
#0 [internal function]: CodeIgniter\Debug\Exceptions->errorHandler(2, 'array_push() ex...', 'E:\\Xampp2\\htdoc...', 23, Array)
#1 E:\Xampp2\htdocs\health\Demo\app\Controllers\Home.php(23): array_push(NULL, 'Special Product')
#2 E:\Xampp2\htdocs\health\Demo\vendor\codeigniter4\framework\system\CodeIgniter.php(802): App\Controllers\Home->index()
#3 E:\Xampp2\htdocs\health\Demo\vendor\codeigniter4\framework\system\CodeIgniter.php(399): CodeIgniter\CodeIgniter->runController(Object(App\Controllers\Home))
#4 E:\Xampp2\htdocs\health\Demo\vendor\codeigniter4\framework\system\CodeIgniter.php(317): CodeIgniter\CodeIgniter->handleRequest(NULL, Object(Config\Cache), false)
#5 E:\Xampp2\htdocs\health\Demo\public\index.php(37): CodeIgniter\CodeIgniter->run()
#6 E:\Xampp2\htdocs\health\Demo\vendor\codeigniter4\framework\system\Commands\Server\rewrite.php(43): require_once('E:\\Xampp2\\htdoc...')
#7 {main}
CRITICAL - 2021-10-13 08:17:17 --> Undefined variable: sortCategory
#0 E:\Xampp2\htdocs\health\Demo\app\Views\frontend\_layout\_navbar.php(22): CodeIgniter\Debug\Exceptions->errorHandler(8, 'Undefined varia...', 'E:\\Xampp2\\htdoc...', 22, Array)
#1 E:\Xampp2\htdocs\health\Demo\vendor\codeigniter4\framework\system\View\View.php(214): include('E:\\Xampp2\\htdoc...')
#2 E:\Xampp2\htdocs\health\Demo\vendor\codeigniter4\framework\system\View\View.php(217): CodeIgniter\View\View->CodeIgniter\View\{closure}()
#3 E:\Xampp2\htdocs\health\Demo\vendor\codeigniter4\framework\system\View\View.php(432): CodeIgniter\View\View->render('frontend/_layou...', NULL, true)
#4 E:\Xampp2\htdocs\health\Demo\app\Views\frontend\_layout\_content.php(2): CodeIgniter\View\View->include('frontend/_layou...')
#5 E:\Xampp2\htdocs\health\Demo\vendor\codeigniter4\framework\system\View\View.php(214): include('E:\\Xampp2\\htdoc...')
#6 E:\Xampp2\htdocs\health\Demo\vendor\codeigniter4\framework\system\View\View.php(217): CodeIgniter\View\View->CodeIgniter\View\{closure}()
#7 E:\Xampp2\htdocs\health\Demo\vendor\codeigniter4\framework\system\View\View.php(230): CodeIgniter\View\View->render('frontend/_layou...', Array, true)
#8 E:\Xampp2\htdocs\health\Demo\vendor\codeigniter4\framework\system\Common.php(1092): CodeIgniter\View\View->render('frontend/pages/...', Array, true)
#9 E:\Xampp2\htdocs\health\Demo\app\Controllers\Home.php(43): view('frontend/pages/...', Array)
#10 E:\Xampp2\htdocs\health\Demo\vendor\codeigniter4\framework\system\CodeIgniter.php(802): App\Controllers\Home->index()
#11 E:\Xampp2\htdocs\health\Demo\vendor\codeigniter4\framework\system\CodeIgniter.php(399): CodeIgniter\CodeIgniter->runController(Object(App\Controllers\Home))
#12 E:\Xampp2\htdocs\health\Demo\vendor\codeigniter4\framework\system\CodeIgniter.php(317): CodeIgniter\CodeIgniter->handleRequest(NULL, Object(Config\Cache), false)
#13 E:\Xampp2\htdocs\health\Demo\public\index.php(37): CodeIgniter\CodeIgniter->run()
#14 E:\Xampp2\htdocs\health\Demo\vendor\codeigniter4\framework\system\Commands\Server\rewrite.php(43): require_once('E:\\Xampp2\\htdoc...')
#15 {main}
ERROR - 2021-10-13 08:24:43 --> Incorrect parameter count in the call to native function 'FIELD'
CRITICAL - 2021-10-13 08:24:43 --> Incorrect parameter count in the call to native function 'FIELD'
#0 E:\Xampp2\htdocs\health\Demo\vendor\codeigniter4\framework\system\Database\MySQLi\Connection.php(280): mysqli->query('SELECT *\nFROM `...')
#1 E:\Xampp2\htdocs\health\Demo\vendor\codeigniter4\framework\system\Database\BaseConnection.php(663): CodeIgniter\Database\MySQLi\Connection->execute('SELECT *\nFROM `...')
#2 E:\Xampp2\htdocs\health\Demo\vendor\codeigniter4\framework\system\Database\BaseConnection.php(591): CodeIgniter\Database\BaseConnection->simpleQuery('SELECT *\nFROM `...')
#3 E:\Xampp2\htdocs\health\Demo\vendor\codeigniter4\framework\system\Database\BaseBuilder.php(1428): CodeIgniter\Database\BaseConnection->query('SELECT *\nFROM `...', Array, false)
#4 E:\Xampp2\htdocs\health\Demo\vendor\codeigniter4\framework\system\Model.php(183): CodeIgniter\Database\BaseBuilder->get()
#5 E:\Xampp2\htdocs\health\Demo\vendor\codeigniter4\framework\system\BaseModel.php(584): CodeIgniter\Model->doFindAll(0, 0)
#6 E:\Xampp2\htdocs\health\Demo\app\Controllers\Home.php(24): CodeIgniter\BaseModel->findAll()
#7 E:\Xampp2\htdocs\health\Demo\vendor\codeigniter4\framework\system\CodeIgniter.php(802): App\Controllers\Home->index()
#8 E:\Xampp2\htdocs\health\Demo\vendor\codeigniter4\framework\system\CodeIgniter.php(399): CodeIgniter\CodeIgniter->runController(Object(App\Controllers\Home))
#9 E:\Xampp2\htdocs\health\Demo\vendor\codeigniter4\framework\system\CodeIgniter.php(317): CodeIgniter\CodeIgniter->handleRequest(NULL, Object(Config\Cache), false)
#10 E:\Xampp2\htdocs\health\Demo\public\index.php(37): CodeIgniter\CodeIgniter->run()
#11 E:\Xampp2\htdocs\health\Demo\vendor\codeigniter4\framework\system\Commands\Server\rewrite.php(43): require_once('E:\\Xampp2\\htdoc...')
#12 {main}
ERROR - 2021-10-13 08:25:01 --> Incorrect parameter count in the call to native function 'FIELD'
CRITICAL - 2021-10-13 08:25:01 --> Incorrect parameter count in the call to native function 'FIELD'
#0 E:\Xampp2\htdocs\health\Demo\vendor\codeigniter4\framework\system\Database\MySQLi\Connection.php(280): mysqli->query('SELECT *\nFROM `...')
#1 E:\Xampp2\htdocs\health\Demo\vendor\codeigniter4\framework\system\Database\BaseConnection.php(663): CodeIgniter\Database\MySQLi\Connection->execute('SELECT *\nFROM `...')
#2 E:\Xampp2\htdocs\health\Demo\vendor\codeigniter4\framework\system\Database\BaseConnection.php(591): CodeIgniter\Database\BaseConnection->simpleQuery('SELECT *\nFROM `...')
#3 E:\Xampp2\htdocs\health\Demo\vendor\codeigniter4\framework\system\Database\BaseBuilder.php(1428): CodeIgniter\Database\BaseConnection->query('SELECT *\nFROM `...', Array, false)
#4 E:\Xampp2\htdocs\health\Demo\vendor\codeigniter4\framework\system\Model.php(183): CodeIgniter\Database\BaseBuilder->get()
#5 E:\Xampp2\htdocs\health\Demo\vendor\codeigniter4\framework\system\BaseModel.php(584): CodeIgniter\Model->doFindAll(0, 0)
#6 E:\Xampp2\htdocs\health\Demo\app\Controllers\Home.php(24): CodeIgniter\BaseModel->findAll()
#7 E:\Xampp2\htdocs\health\Demo\vendor\codeigniter4\framework\system\CodeIgniter.php(802): App\Controllers\Home->index()
#8 E:\Xampp2\htdocs\health\Demo\vendor\codeigniter4\framework\system\CodeIgniter.php(399): CodeIgniter\CodeIgniter->runController(Object(App\Controllers\Home))
#9 E:\Xampp2\htdocs\health\Demo\vendor\codeigniter4\framework\system\CodeIgniter.php(317): CodeIgniter\CodeIgniter->handleRequest(NULL, Object(Config\Cache), false)
#10 E:\Xampp2\htdocs\health\Demo\public\index.php(37): CodeIgniter\CodeIgniter->run()
#11 E:\Xampp2\htdocs\health\Demo\vendor\codeigniter4\framework\system\Commands\Server\rewrite.php(43): require_once('E:\\Xampp2\\htdoc...')
#12 {main}
ERROR - 2021-10-13 08:34:14 --> Unknown column 'category.id' in 'on clause'
CRITICAL - 2021-10-13 08:34:14 --> Unknown column 'category.id' in 'on clause'
#0 E:\Xampp2\htdocs\health\Demo\vendor\codeigniter4\framework\system\Database\MySQLi\Connection.php(280): mysqli->query('SELECT *\nFROM `...')
#1 E:\Xampp2\htdocs\health\Demo\vendor\codeigniter4\framework\system\Database\BaseConnection.php(663): CodeIgniter\Database\MySQLi\Connection->execute('SELECT *\nFROM `...')
#2 E:\Xampp2\htdocs\health\Demo\vendor\codeigniter4\framework\system\Database\BaseConnection.php(591): CodeIgniter\Database\BaseConnection->simpleQuery('SELECT *\nFROM `...')
#3 E:\Xampp2\htdocs\health\Demo\vendor\codeigniter4\framework\system\Database\BaseBuilder.php(1428): CodeIgniter\Database\BaseConnection->query('SELECT *\nFROM `...', Array, false)
#4 E:\Xampp2\htdocs\health\Demo\vendor\codeigniter4\framework\system\Model.php(183): CodeIgniter\Database\BaseBuilder->get()
#5 E:\Xampp2\htdocs\health\Demo\vendor\codeigniter4\framework\system\BaseModel.php(584): CodeIgniter\Model->doFindAll(0, 0)
#6 E:\Xampp2\htdocs\health\Demo\app\Controllers\Home.php(25): CodeIgniter\BaseModel->findAll()
#7 E:\Xampp2\htdocs\health\Demo\vendor\codeigniter4\framework\system\CodeIgniter.php(802): App\Controllers\Home->index()
#8 E:\Xampp2\htdocs\health\Demo\vendor\codeigniter4\framework\system\CodeIgniter.php(399): CodeIgniter\CodeIgniter->runController(Object(App\Controllers\Home))
#9 E:\Xampp2\htdocs\health\Demo\vendor\codeigniter4\framework\system\CodeIgniter.php(317): CodeIgniter\CodeIgniter->handleRequest(NULL, Object(Config\Cache), false)
#10 E:\Xampp2\htdocs\health\Demo\public\index.php(37): CodeIgniter\CodeIgniter->run()
#11 E:\Xampp2\htdocs\health\Demo\vendor\codeigniter4\framework\system\Commands\Server\rewrite.php(43): require_once('E:\\Xampp2\\htdoc...')
#12 {main}
ERROR - 2021-10-13 08:40:48 --> Unknown column 'author.article_i' in 'group statement'
CRITICAL - 2021-10-13 08:40:48 --> Unknown column 'author.article_i' in 'group statement'
#0 E:\Xampp2\htdocs\health\Demo\vendor\codeigniter4\framework\system\Database\MySQLi\Connection.php(280): mysqli->query('SELECT *\nFROM `...')
#1 E:\Xampp2\htdocs\health\Demo\vendor\codeigniter4\framework\system\Database\BaseConnection.php(663): CodeIgniter\Database\MySQLi\Connection->execute('SELECT *\nFROM `...')
#2 E:\Xampp2\htdocs\health\Demo\vendor\codeigniter4\framework\system\Database\BaseConnection.php(591): CodeIgniter\Database\BaseConnection->simpleQuery('SELECT *\nFROM `...')
#3 E:\Xampp2\htdocs\health\Demo\vendor\codeigniter4\framework\system\Database\BaseBuilder.php(1428): CodeIgniter\Database\BaseConnection->query('SELECT *\nFROM `...', Array, false)
#4 E:\Xampp2\htdocs\health\Demo\vendor\codeigniter4\framework\system\Model.php(183): CodeIgniter\Database\BaseBuilder->get()
#5 E:\Xampp2\htdocs\health\Demo\vendor\codeigniter4\framework\system\BaseModel.php(584): CodeIgniter\Model->doFindAll(0, 0)
#6 E:\Xampp2\htdocs\health\Demo\app\Controllers\Home.php(27): CodeIgniter\BaseModel->findAll()
#7 E:\Xampp2\htdocs\health\Demo\vendor\codeigniter4\framework\system\CodeIgniter.php(802): App\Controllers\Home->index()
#8 E:\Xampp2\htdocs\health\Demo\vendor\codeigniter4\framework\system\CodeIgniter.php(399): CodeIgniter\CodeIgniter->runController(Object(App\Controllers\Home))
#9 E:\Xampp2\htdocs\health\Demo\vendor\codeigniter4\framework\system\CodeIgniter.php(317): CodeIgniter\CodeIgniter->handleRequest(NULL, Object(Config\Cache), false)
#10 E:\Xampp2\htdocs\health\Demo\public\index.php(37): CodeIgniter\CodeIgniter->run()
#11 E:\Xampp2\htdocs\health\Demo\vendor\codeigniter4\framework\system\Commands\Server\rewrite.php(43): require_once('E:\\Xampp2\\htdoc...')
#12 {main}
ERROR - 2021-10-13 08:54:47 --> Unknown column 'article.description' in 'field list'
CRITICAL - 2021-10-13 08:54:47 --> Unknown column 'article.description' in 'field list'
#0 E:\Xampp2\htdocs\health\Demo\vendor\codeigniter4\framework\system\Database\MySQLi\Connection.php(280): mysqli->query('SELECT `article...')
#1 E:\Xampp2\htdocs\health\Demo\vendor\codeigniter4\framework\system\Database\BaseConnection.php(663): CodeIgniter\Database\MySQLi\Connection->execute('SELECT `article...')
#2 E:\Xampp2\htdocs\health\Demo\vendor\codeigniter4\framework\system\Database\BaseConnection.php(591): CodeIgniter\Database\BaseConnection->simpleQuery('SELECT `article...')
#3 E:\Xampp2\htdocs\health\Demo\vendor\codeigniter4\framework\system\Database\BaseBuilder.php(1428): CodeIgniter\Database\BaseConnection->query('SELECT `article...', Array, false)
#4 E:\Xampp2\htdocs\health\Demo\vendor\codeigniter4\framework\system\Model.php(183): CodeIgniter\Database\BaseBuilder->get()
#5 E:\Xampp2\htdocs\health\Demo\vendor\codeigniter4\framework\system\BaseModel.php(584): CodeIgniter\Model->doFindAll(0, 0)
#6 E:\Xampp2\htdocs\health\Demo\app\Controllers\Home.php(29): CodeIgniter\BaseModel->findAll()
#7 E:\Xampp2\htdocs\health\Demo\vendor\codeigniter4\framework\system\CodeIgniter.php(802): App\Controllers\Home->index()
#8 E:\Xampp2\htdocs\health\Demo\vendor\codeigniter4\framework\system\CodeIgniter.php(399): CodeIgniter\CodeIgniter->runController(Object(App\Controllers\Home))
#9 E:\Xampp2\htdocs\health\Demo\vendor\codeigniter4\framework\system\CodeIgniter.php(317): CodeIgniter\CodeIgniter->handleRequest(NULL, Object(Config\Cache), false)
#10 E:\Xampp2\htdocs\health\Demo\public\index.php(37): CodeIgniter\CodeIgniter->run()
#11 E:\Xampp2\htdocs\health\Demo\vendor\codeigniter4\framework\system\Commands\Server\rewrite.php(43): require_once('E:\\Xampp2\\htdoc...')
#12 {main}
CRITICAL - 2021-10-13 09:04:25 --> Undefined property: stdClass::$main
#0 E:\Xampp2\htdocs\health\Demo\app\Controllers\Home.php(60): CodeIgniter\Debug\Exceptions->errorHandler(8, 'Undefined prope...', 'E:\\Xampp2\\htdoc...', 60, Array)
#1 E:\Xampp2\htdocs\health\Demo\vendor\codeigniter4\framework\system\CodeIgniter.php(802): App\Controllers\Home->index()
#2 E:\Xampp2\htdocs\health\Demo\vendor\codeigniter4\framework\system\CodeIgniter.php(399): CodeIgniter\CodeIgniter->runController(Object(App\Controllers\Home))
#3 E:\Xampp2\htdocs\health\Demo\vendor\codeigniter4\framework\system\CodeIgniter.php(317): CodeIgniter\CodeIgniter->handleRequest(NULL, Object(Config\Cache), false)
#4 E:\Xampp2\htdocs\health\Demo\public\index.php(37): CodeIgniter\CodeIgniter->run()
#5 E:\Xampp2\htdocs\health\Demo\vendor\codeigniter4\framework\system\Commands\Server\rewrite.php(43): require_once('E:\\Xampp2\\htdoc...')
#6 {main}
CRITICAL - 2021-10-13 09:08:06 --> Trying to get property 'main' of non-object
#0 E:\Xampp2\htdocs\health\Demo\app\Views\frontend\pages\home.php(11): CodeIgniter\Debug\Exceptions->errorHandler(8, 'Trying to get p...', 'E:\\Xampp2\\htdoc...', 11, Array)
#1 E:\Xampp2\htdocs\health\Demo\vendor\codeigniter4\framework\system\View\View.php(214): include('E:\\Xampp2\\htdoc...')
#2 E:\Xampp2\htdocs\health\Demo\vendor\codeigniter4\framework\system\View\View.php(217): CodeIgniter\View\View->CodeIgniter\View\{closure}()
#3 E:\Xampp2\htdocs\health\Demo\vendor\codeigniter4\framework\system\Common.php(1092): CodeIgniter\View\View->render('frontend/pages/...', Array, true)
#4 E:\Xampp2\htdocs\health\Demo\app\Controllers\Home.php(79): view('frontend/pages/...', Array)
#5 E:\Xampp2\htdocs\health\Demo\vendor\codeigniter4\framework\system\CodeIgniter.php(802): App\Controllers\Home->index()
#6 E:\Xampp2\htdocs\health\Demo\vendor\codeigniter4\framework\system\CodeIgniter.php(399): CodeIgniter\CodeIgniter->runController(Object(App\Controllers\Home))
#7 E:\Xampp2\htdocs\health\Demo\vendor\codeigniter4\framework\system\CodeIgniter.php(317): CodeIgniter\CodeIgniter->handleRequest(NULL, Object(Config\Cache), false)
#8 E:\Xampp2\htdocs\health\Demo\public\index.php(37): CodeIgniter\CodeIgniter->run()
#9 E:\Xampp2\htdocs\health\Demo\vendor\codeigniter4\framework\system\Commands\Server\rewrite.php(43): require_once('E:\\Xampp2\\htdoc...')
#10 {main}
CRITICAL - 2021-10-13 09:08:45 --> Trying to get property 'template' of non-object
#0 E:\Xampp2\htdocs\health\Demo\app\Views\frontend\pages\home.php(11): CodeIgniter\Debug\Exceptions->errorHandler(8, 'Trying to get p...', 'E:\\Xampp2\\htdoc...', 11, Array)
#1 E:\Xampp2\htdocs\health\Demo\vendor\codeigniter4\framework\system\View\View.php(214): include('E:\\Xampp2\\htdoc...')
#2 E:\Xampp2\htdocs\health\Demo\vendor\codeigniter4\framework\system\View\View.php(217): CodeIgniter\View\View->CodeIgniter\View\{closure}()
#3 E:\Xampp2\htdocs\health\Demo\vendor\codeigniter4\framework\system\Common.php(1092): CodeIgniter\View\View->render('frontend/pages/...', Array, true)
#4 E:\Xampp2\htdocs\health\Demo\app\Controllers\Home.php(79): view('frontend/pages/...', Array)
#5 E:\Xampp2\htdocs\health\Demo\vendor\codeigniter4\framework\system\CodeIgniter.php(802): App\Controllers\Home->index()
#6 E:\Xampp2\htdocs\health\Demo\vendor\codeigniter4\framework\system\CodeIgniter.php(399): CodeIgniter\CodeIgniter->runController(Object(App\Controllers\Home))
#7 E:\Xampp2\htdocs\health\Demo\vendor\codeigniter4\framework\system\CodeIgniter.php(317): CodeIgniter\CodeIgniter->handleRequest(NULL, Object(Config\Cache), false)
#8 E:\Xampp2\htdocs\health\Demo\public\index.php(37): CodeIgniter\CodeIgniter->run()
#9 E:\Xampp2\htdocs\health\Demo\vendor\codeigniter4\framework\system\Commands\Server\rewrite.php(43): require_once('E:\\Xampp2\\htdoc...')
#10 {main}
CRITICAL - 2021-10-13 09:10:11 --> Undefined variable: items
#0 E:\Xampp2\htdocs\health\Demo\app\Views\frontend\_component\simple.php(4): CodeIgniter\Debug\Exceptions->errorHandler(8, 'Undefined varia...', 'E:\\Xampp2\\htdoc...', 4, Array)
#1 E:\Xampp2\htdocs\health\Demo\vendor\codeigniter4\framework\system\View\View.php(214): include('E:\\Xampp2\\htdoc...')
#2 E:\Xampp2\htdocs\health\Demo\vendor\codeigniter4\framework\system\View\View.php(217): CodeIgniter\View\View->CodeIgniter\View\{closure}()
#3 E:\Xampp2\htdocs\health\Demo\vendor\codeigniter4\framework\system\View\View.php(432): CodeIgniter\View\View->render('frontend/_compo...', NULL, true)
#4 E:\Xampp2\htdocs\health\Demo\app\Views\frontend\pages\home.php(6): CodeIgniter\View\View->include('frontend/_compo...')
#5 E:\Xampp2\htdocs\health\Demo\vendor\codeigniter4\framework\system\View\View.php(214): include('E:\\Xampp2\\htdoc...')
#6 E:\Xampp2\htdocs\health\Demo\vendor\codeigniter4\framework\system\View\View.php(217): CodeIgniter\View\View->CodeIgniter\View\{closure}()
#7 E:\Xampp2\htdocs\health\Demo\vendor\codeigniter4\framework\system\Common.php(1092): CodeIgniter\View\View->render('frontend/pages/...', Array, true)
#8 E:\Xampp2\htdocs\health\Demo\app\Controllers\Home.php(79): view('frontend/pages/...', Array)
#9 E:\Xampp2\htdocs\health\Demo\vendor\codeigniter4\framework\system\CodeIgniter.php(802): App\Controllers\Home->index()
#10 E:\Xampp2\htdocs\health\Demo\vendor\codeigniter4\framework\system\CodeIgniter.php(399): CodeIgniter\CodeIgniter->runController(Object(App\Controllers\Home))
#11 E:\Xampp2\htdocs\health\Demo\vendor\codeigniter4\framework\system\CodeIgniter.php(317): CodeIgniter\CodeIgniter->handleRequest(NULL, Object(Config\Cache), false)
#12 E:\Xampp2\htdocs\health\Demo\public\index.php(37): CodeIgniter\CodeIgniter->run()
#13 E:\Xampp2\htdocs\health\Demo\vendor\codeigniter4\framework\system\Commands\Server\rewrite.php(43): require_once('E:\\Xampp2\\htdoc...')
#14 {main}
CRITICAL - 2021-10-13 09:10:39 --> Undefined variable: items
#0 E:\Xampp2\htdocs\health\Demo\app\Views\frontend\_component\simple.php(4): CodeIgniter\Debug\Exceptions->errorHandler(8, 'Undefined varia...', 'E:\\Xampp2\\htdoc...', 4, Array)
#1 E:\Xampp2\htdocs\health\Demo\vendor\codeigniter4\framework\system\View\View.php(214): include('E:\\Xampp2\\htdoc...')
#2 E:\Xampp2\htdocs\health\Demo\vendor\codeigniter4\framework\system\View\View.php(217): CodeIgniter\View\View->CodeIgniter\View\{closure}()
#3 E:\Xampp2\htdocs\health\Demo\vendor\codeigniter4\framework\system\View\View.php(432): CodeIgniter\View\View->render('frontend/_compo...', NULL, true)
#4 E:\Xampp2\htdocs\health\Demo\app\Views\frontend\pages\home.php(6): CodeIgniter\View\View->include('frontend/_compo...')
#5 E:\Xampp2\htdocs\health\Demo\vendor\codeigniter4\framework\system\View\View.php(214): include('E:\\Xampp2\\htdoc...')
#6 E:\Xampp2\htdocs\health\Demo\vendor\codeigniter4\framework\system\View\View.php(217): CodeIgniter\View\View->CodeIgniter\View\{closure}()
#7 E:\Xampp2\htdocs\health\Demo\vendor\codeigniter4\framework\system\Common.php(1092): CodeIgniter\View\View->render('frontend/pages/...', Array, true)
#8 E:\Xampp2\htdocs\health\Demo\app\Controllers\Home.php(79): view('frontend/pages/...', Array)
#9 E:\Xampp2\htdocs\health\Demo\vendor\codeigniter4\framework\system\CodeIgniter.php(802): App\Controllers\Home->index()
#10 E:\Xampp2\htdocs\health\Demo\vendor\codeigniter4\framework\system\CodeIgniter.php(399): CodeIgniter\CodeIgniter->runController(Object(App\Controllers\Home))
#11 E:\Xampp2\htdocs\health\Demo\vendor\codeigniter4\framework\system\CodeIgniter.php(317): CodeIgniter\CodeIgniter->handleRequest(NULL, Object(Config\Cache), false)
#12 E:\Xampp2\htdocs\health\Demo\public\index.php(37): CodeIgniter\CodeIgniter->run()
#13 E:\Xampp2\htdocs\health\Demo\vendor\codeigniter4\framework\system\Commands\Server\rewrite.php(43): require_once('E:\\Xampp2\\htdoc...')
#14 {main}
CRITICAL - 2021-10-13 09:11:06 --> Undefined variable: items
#0 E:\Xampp2\htdocs\health\Demo\app\Views\frontend\_component\simple.php(1): CodeIgniter\Debug\Exceptions->errorHandler(8, 'Undefined varia...', 'E:\\Xampp2\\htdoc...', 1, Array)
#1 E:\Xampp2\htdocs\health\Demo\vendor\codeigniter4\framework\system\View\View.php(214): include('E:\\Xampp2\\htdoc...')
#2 E:\Xampp2\htdocs\health\Demo\vendor\codeigniter4\framework\system\View\View.php(217): CodeIgniter\View\View->CodeIgniter\View\{closure}()
#3 E:\Xampp2\htdocs\health\Demo\vendor\codeigniter4\framework\system\View\View.php(432): CodeIgniter\View\View->render('frontend/_compo...', NULL, true)
#4 E:\Xampp2\htdocs\health\Demo\app\Views\frontend\pages\home.php(6): CodeIgniter\View\View->include('frontend/_compo...')
#5 E:\Xampp2\htdocs\health\Demo\vendor\codeigniter4\framework\system\View\View.php(214): include('E:\\Xampp2\\htdoc...')
#6 E:\Xampp2\htdocs\health\Demo\vendor\codeigniter4\framework\system\View\View.php(217): CodeIgniter\View\View->CodeIgniter\View\{closure}()
#7 E:\Xampp2\htdocs\health\Demo\vendor\codeigniter4\framework\system\Common.php(1092): CodeIgniter\View\View->render('frontend/pages/...', Array, true)
#8 E:\Xampp2\htdocs\health\Demo\app\Controllers\Home.php(79): view('frontend/pages/...', Array)
#9 E:\Xampp2\htdocs\health\Demo\vendor\codeigniter4\framework\system\CodeIgniter.php(802): App\Controllers\Home->index()
#10 E:\Xampp2\htdocs\health\Demo\vendor\codeigniter4\framework\system\CodeIgniter.php(399): CodeIgniter\CodeIgniter->runController(Object(App\Controllers\Home))
#11 E:\Xampp2\htdocs\health\Demo\vendor\codeigniter4\framework\system\CodeIgniter.php(317): CodeIgniter\CodeIgniter->handleRequest(NULL, Object(Config\Cache), false)
#12 E:\Xampp2\htdocs\health\Demo\public\index.php(37): CodeIgniter\CodeIgniter->run()
#13 E:\Xampp2\htdocs\health\Demo\vendor\codeigniter4\framework\system\Commands\Server\rewrite.php(43): require_once('E:\\Xampp2\\htdoc...')
#14 {main}
CRITICAL - 2021-10-13 09:11:17 --> Undefined variable: items
#0 E:\Xampp2\htdocs\health\Demo\app\Views\frontend\_component\simple.php(1): CodeIgniter\Debug\Exceptions->errorHandler(8, 'Undefined varia...', 'E:\\Xampp2\\htdoc...', 1, Array)
#1 E:\Xampp2\htdocs\health\Demo\vendor\codeigniter4\framework\system\View\View.php(214): include('E:\\Xampp2\\htdoc...')
#2 E:\Xampp2\htdocs\health\Demo\vendor\codeigniter4\framework\system\View\View.php(217): CodeIgniter\View\View->CodeIgniter\View\{closure}()
#3 E:\Xampp2\htdocs\health\Demo\vendor\codeigniter4\framework\system\View\View.php(432): CodeIgniter\View\View->render('frontend/_compo...', NULL, true)
#4 E:\Xampp2\htdocs\health\Demo\app\Views\frontend\pages\home.php(6): CodeIgniter\View\View->include('frontend/_compo...')
#5 E:\Xampp2\htdocs\health\Demo\vendor\codeigniter4\framework\system\View\View.php(214): include('E:\\Xampp2\\htdoc...')
#6 E:\Xampp2\htdocs\health\Demo\vendor\codeigniter4\framework\system\View\View.php(217): CodeIgniter\View\View->CodeIgniter\View\{closure}()
#7 E:\Xampp2\htdocs\health\Demo\vendor\codeigniter4\framework\system\Common.php(1092): CodeIgniter\View\View->render('frontend/pages/...', Array, true)
#8 E:\Xampp2\htdocs\health\Demo\app\Controllers\Home.php(79): view('frontend/pages/...', Array)
#9 E:\Xampp2\htdocs\health\Demo\vendor\codeigniter4\framework\system\CodeIgniter.php(802): App\Controllers\Home->index()
#10 E:\Xampp2\htdocs\health\Demo\vendor\codeigniter4\framework\system\CodeIgniter.php(399): CodeIgniter\CodeIgniter->runController(Object(App\Controllers\Home))
#11 E:\Xampp2\htdocs\health\Demo\vendor\codeigniter4\framework\system\CodeIgniter.php(317): CodeIgniter\CodeIgniter->handleRequest(NULL, Object(Config\Cache), false)
#12 E:\Xampp2\htdocs\health\Demo\public\index.php(37): CodeIgniter\CodeIgniter->run()
#13 E:\Xampp2\htdocs\health\Demo\vendor\codeigniter4\framework\system\Commands\Server\rewrite.php(43): require_once('E:\\Xampp2\\htdoc...')
#14 {main}
CRITICAL - 2021-10-13 09:11:20 --> Undefined variable: items
#0 E:\Xampp2\htdocs\health\Demo\app\Views\frontend\_component\simple.php(1): CodeIgniter\Debug\Exceptions->errorHandler(8, 'Undefined varia...', 'E:\\Xampp2\\htdoc...', 1, Array)
#1 E:\Xampp2\htdocs\health\Demo\vendor\codeigniter4\framework\system\View\View.php(214): include('E:\\Xampp2\\htdoc...')
#2 E:\Xampp2\htdocs\health\Demo\vendor\codeigniter4\framework\system\View\View.php(217): CodeIgniter\View\View->CodeIgniter\View\{closure}()
#3 E:\Xampp2\htdocs\health\Demo\vendor\codeigniter4\framework\system\View\View.php(432): CodeIgniter\View\View->render('frontend/_compo...', NULL, true)
#4 E:\Xampp2\htdocs\health\Demo\app\Views\frontend\pages\home.php(6): CodeIgniter\View\View->include('frontend/_compo...')
#5 E:\Xampp2\htdocs\health\Demo\vendor\codeigniter4\framework\system\View\View.php(214): include('E:\\Xampp2\\htdoc...')
#6 E:\Xampp2\htdocs\health\Demo\vendor\codeigniter4\framework\system\View\View.php(217): CodeIgniter\View\View->CodeIgniter\View\{closure}()
#7 E:\Xampp2\htdocs\health\Demo\vendor\codeigniter4\framework\system\Common.php(1092): CodeIgniter\View\View->render('frontend/pages/...', Array, true)
#8 E:\Xampp2\htdocs\health\Demo\app\Controllers\Home.php(79): view('frontend/pages/...', Array)
#9 E:\Xampp2\htdocs\health\Demo\vendor\codeigniter4\framework\system\CodeIgniter.php(802): App\Controllers\Home->index()
#10 E:\Xampp2\htdocs\health\Demo\vendor\codeigniter4\framework\system\CodeIgniter.php(399): CodeIgniter\CodeIgniter->runController(Object(App\Controllers\Home))
#11 E:\Xampp2\htdocs\health\Demo\vendor\codeigniter4\framework\system\CodeIgniter.php(317): CodeIgniter\CodeIgniter->handleRequest(NULL, Object(Config\Cache), false)
#12 E:\Xampp2\htdocs\health\Demo\public\index.php(37): CodeIgniter\CodeIgniter->run()
#13 E:\Xampp2\htdocs\health\Demo\vendor\codeigniter4\framework\system\Commands\Server\rewrite.php(43): require_once('E:\\Xampp2\\htdoc...')
#14 {main}
CRITICAL - 2021-10-13 09:11:21 --> Undefined variable: items
#0 E:\Xampp2\htdocs\health\Demo\app\Views\frontend\_component\simple.php(1): CodeIgniter\Debug\Exceptions->errorHandler(8, 'Undefined varia...', 'E:\\Xampp2\\htdoc...', 1, Array)
#1 E:\Xampp2\htdocs\health\Demo\vendor\codeigniter4\framework\system\View\View.php(214): include('E:\\Xampp2\\htdoc...')
#2 E:\Xampp2\htdocs\health\Demo\vendor\codeigniter4\framework\system\View\View.php(217): CodeIgniter\View\View->CodeIgniter\View\{closure}()
#3 E:\Xampp2\htdocs\health\Demo\vendor\codeigniter4\framework\system\View\View.php(432): CodeIgniter\View\View->render('frontend/_compo...', NULL, true)
#4 E:\Xampp2\htdocs\health\Demo\app\Views\frontend\pages\home.php(6): CodeIgniter\View\View->include('frontend/_compo...')
#5 E:\Xampp2\htdocs\health\Demo\vendor\codeigniter4\framework\system\View\View.php(214): include('E:\\Xampp2\\htdoc...')
#6 E:\Xampp2\htdocs\health\Demo\vendor\codeigniter4\framework\system\View\View.php(217): CodeIgniter\View\View->CodeIgniter\View\{closure}()
#7 E:\Xampp2\htdocs\health\Demo\vendor\codeigniter4\framework\system\Common.php(1092): CodeIgniter\View\View->render('frontend/pages/...', Array, true)
#8 E:\Xampp2\htdocs\health\Demo\app\Controllers\Home.php(79): view('frontend/pages/...', Array)
#9 E:\Xampp2\htdocs\health\Demo\vendor\codeigniter4\framework\system\CodeIgniter.php(802): App\Controllers\Home->index()
#10 E:\Xampp2\htdocs\health\Demo\vendor\codeigniter4\framework\system\CodeIgniter.php(399): CodeIgniter\CodeIgniter->runController(Object(App\Controllers\Home))
#11 E:\Xampp2\htdocs\health\Demo\vendor\codeigniter4\framework\system\CodeIgniter.php(317): CodeIgniter\CodeIgniter->handleRequest(NULL, Object(Config\Cache), false)
#12 E:\Xampp2\htdocs\health\Demo\public\index.php(37): CodeIgniter\CodeIgniter->run()
#13 E:\Xampp2\htdocs\health\Demo\vendor\codeigniter4\framework\system\Commands\Server\rewrite.php(43): require_once('E:\\Xampp2\\htdoc...')
#14 {main}
CRITICAL - 2021-10-13 09:14:12 --> Undefined variable: items
#0 E:\Xampp2\htdocs\health\Demo\app\Views\frontend\_component\simple.php(1): CodeIgniter\Debug\Exceptions->errorHandler(8, 'Undefined varia...', 'E:\\Xampp2\\htdoc...', 1, Array)
#1 E:\Xampp2\htdocs\health\Demo\vendor\codeigniter4\framework\system\View\View.php(214): include('E:\\Xampp2\\htdoc...')
#2 E:\Xampp2\htdocs\health\Demo\vendor\codeigniter4\framework\system\View\View.php(217): CodeIgniter\View\View->CodeIgniter\View\{closure}()
#3 E:\Xampp2\htdocs\health\Demo\vendor\codeigniter4\framework\system\View\View.php(432): CodeIgniter\View\View->render('frontend/_compo...', NULL, true)
#4 E:\Xampp2\htdocs\health\Demo\app\Views\frontend\pages\home.php(6): CodeIgniter\View\View->include('frontend/_compo...')
#5 E:\Xampp2\htdocs\health\Demo\vendor\codeigniter4\framework\system\View\View.php(214): include('E:\\Xampp2\\htdoc...')
#6 E:\Xampp2\htdocs\health\Demo\vendor\codeigniter4\framework\system\View\View.php(217): CodeIgniter\View\View->CodeIgniter\View\{closure}()
#7 E:\Xampp2\htdocs\health\Demo\vendor\codeigniter4\framework\system\Common.php(1092): CodeIgniter\View\View->render('frontend/pages/...', Array, true)
#8 E:\Xampp2\htdocs\health\Demo\app\Controllers\Home.php(79): view('frontend/pages/...', Array)
#9 E:\Xampp2\htdocs\health\Demo\vendor\codeigniter4\framework\system\CodeIgniter.php(802): App\Controllers\Home->index()
#10 E:\Xampp2\htdocs\health\Demo\vendor\codeigniter4\framework\system\CodeIgniter.php(399): CodeIgniter\CodeIgniter->runController(Object(App\Controllers\Home))
#11 E:\Xampp2\htdocs\health\Demo\vendor\codeigniter4\framework\system\CodeIgniter.php(317): CodeIgniter\CodeIgniter->handleRequest(NULL, Object(Config\Cache), false)
#12 E:\Xampp2\htdocs\health\Demo\public\index.php(37): CodeIgniter\CodeIgniter->run()
#13 E:\Xampp2\htdocs\health\Demo\vendor\codeigniter4\framework\system\Commands\Server\rewrite.php(43): require_once('E:\\Xampp2\\htdoc...')
#14 {main}
CRITICAL - 2021-10-13 09:14:14 --> Undefined variable: items
#0 E:\Xampp2\htdocs\health\Demo\app\Views\frontend\_component\simple.php(1): CodeIgniter\Debug\Exceptions->errorHandler(8, 'Undefined varia...', 'E:\\Xampp2\\htdoc...', 1, Array)
#1 E:\Xampp2\htdocs\health\Demo\vendor\codeigniter4\framework\system\View\View.php(214): include('E:\\Xampp2\\htdoc...')
#2 E:\Xampp2\htdocs\health\Demo\vendor\codeigniter4\framework\system\View\View.php(217): CodeIgniter\View\View->CodeIgniter\View\{closure}()
#3 E:\Xampp2\htdocs\health\Demo\vendor\codeigniter4\framework\system\View\View.php(432): CodeIgniter\View\View->render('frontend/_compo...', NULL, true)
#4 E:\Xampp2\htdocs\health\Demo\app\Views\frontend\pages\home.php(6): CodeIgniter\View\View->include('frontend/_compo...')
#5 E:\Xampp2\htdocs\health\Demo\vendor\codeigniter4\framework\system\View\View.php(214): include('E:\\Xampp2\\htdoc...')
#6 E:\Xampp2\htdocs\health\Demo\vendor\codeigniter4\framework\system\View\View.php(217): CodeIgniter\View\View->CodeIgniter\View\{closure}()
#7 E:\Xampp2\htdocs\health\Demo\vendor\codeigniter4\framework\system\Common.php(1092): CodeIgniter\View\View->render('frontend/pages/...', Array, true)
#8 E:\Xampp2\htdocs\health\Demo\app\Controllers\Home.php(79): view('frontend/pages/...', Array)
#9 E:\Xampp2\htdocs\health\Demo\vendor\codeigniter4\framework\system\CodeIgniter.php(802): App\Controllers\Home->index()
#10 E:\Xampp2\htdocs\health\Demo\vendor\codeigniter4\framework\system\CodeIgniter.php(399): CodeIgniter\CodeIgniter->runController(Object(App\Controllers\Home))
#11 E:\Xampp2\htdocs\health\Demo\vendor\codeigniter4\framework\system\CodeIgniter.php(317): CodeIgniter\CodeIgniter->handleRequest(NULL, Object(Config\Cache), false)
#12 E:\Xampp2\htdocs\health\Demo\public\index.php(37): CodeIgniter\CodeIgniter->run()
#13 E:\Xampp2\htdocs\health\Demo\vendor\codeigniter4\framework\system\Commands\Server\rewrite.php(43): require_once('E:\\Xampp2\\htdoc...')
#14 {main}
CRITICAL - 2021-10-13 09:18:32 --> Undefined variable: items
#0 E:\Xampp2\htdocs\health\Demo\app\Views\frontend\_component\simple.php(1): CodeIgniter\Debug\Exceptions->errorHandler(8, 'Undefined varia...', 'E:\\Xampp2\\htdoc...', 1, Array)
#1 E:\Xampp2\htdocs\health\Demo\vendor\codeigniter4\framework\system\View\View.php(214): include('E:\\Xampp2\\htdoc...')
#2 E:\Xampp2\htdocs\health\Demo\vendor\codeigniter4\framework\system\View\View.php(217): CodeIgniter\View\View->CodeIgniter\View\{closure}()
#3 E:\Xampp2\htdocs\health\Demo\vendor\codeigniter4\framework\system\View\View.php(432): CodeIgniter\View\View->render('frontend/_compo...', NULL, true)
#4 E:\Xampp2\htdocs\health\Demo\app\Views\frontend\pages\home.php(6): CodeIgniter\View\View->include('frontend/_compo...')
#5 E:\Xampp2\htdocs\health\Demo\vendor\codeigniter4\framework\system\View\View.php(214): include('E:\\Xampp2\\htdoc...')
#6 E:\Xampp2\htdocs\health\Demo\vendor\codeigniter4\framework\system\View\View.php(217): CodeIgniter\View\View->CodeIgniter\View\{closure}()
#7 E:\Xampp2\htdocs\health\Demo\vendor\codeigniter4\framework\system\Common.php(1092): CodeIgniter\View\View->render('frontend/pages/...', Array, true)
#8 E:\Xampp2\htdocs\health\Demo\app\Controllers\Home.php(79): view('frontend/pages/...', Array)
#9 E:\Xampp2\htdocs\health\Demo\vendor\codeigniter4\framework\system\CodeIgniter.php(802): App\Controllers\Home->index()
#10 E:\Xampp2\htdocs\health\Demo\vendor\codeigniter4\framework\system\CodeIgniter.php(399): CodeIgniter\CodeIgniter->runController(Object(App\Controllers\Home))
#11 E:\Xampp2\htdocs\health\Demo\vendor\codeigniter4\framework\system\CodeIgniter.php(317): CodeIgniter\CodeIgniter->handleRequest(NULL, Object(Config\Cache), false)
#12 E:\Xampp2\htdocs\health\Demo\public\index.php(37): CodeIgniter\CodeIgniter->run()
#13 E:\Xampp2\htdocs\health\Demo\vendor\codeigniter4\framework\system\Commands\Server\rewrite.php(43): require_once('E:\\Xampp2\\htdoc...')
#14 {main}
CRITICAL - 2021-10-13 09:18:36 --> Undefined variable: items
#0 E:\Xampp2\htdocs\health\Demo\app\Views\frontend\_component\simple.php(1): CodeIgniter\Debug\Exceptions->errorHandler(8, 'Undefined varia...', 'E:\\Xampp2\\htdoc...', 1, Array)
#1 E:\Xampp2\htdocs\health\Demo\vendor\codeigniter4\framework\system\View\View.php(214): include('E:\\Xampp2\\htdoc...')
#2 E:\Xampp2\htdocs\health\Demo\vendor\codeigniter4\framework\system\View\View.php(217): CodeIgniter\View\View->CodeIgniter\View\{closure}()
#3 E:\Xampp2\htdocs\health\Demo\vendor\codeigniter4\framework\system\View\View.php(432): CodeIgniter\View\View->render('frontend/_compo...', NULL, true)
#4 E:\Xampp2\htdocs\health\Demo\app\Views\frontend\pages\home.php(6): CodeIgniter\View\View->include('frontend/_compo...')
#5 E:\Xampp2\htdocs\health\Demo\vendor\codeigniter4\framework\system\View\View.php(214): include('E:\\Xampp2\\htdoc...')
#6 E:\Xampp2\htdocs\health\Demo\vendor\codeigniter4\framework\system\View\View.php(217): CodeIgniter\View\View->CodeIgniter\View\{closure}()
#7 E:\Xampp2\htdocs\health\Demo\vendor\codeigniter4\framework\system\Common.php(1092): CodeIgniter\View\View->render('frontend/pages/...', Array, true)
#8 E:\Xampp2\htdocs\health\Demo\app\Controllers\Home.php(79): view('frontend/pages/...', Array)
#9 E:\Xampp2\htdocs\health\Demo\vendor\codeigniter4\framework\system\CodeIgniter.php(802): App\Controllers\Home->index()
#10 E:\Xampp2\htdocs\health\Demo\vendor\codeigniter4\framework\system\CodeIgniter.php(399): CodeIgniter\CodeIgniter->runController(Object(App\Controllers\Home))
#11 E:\Xampp2\htdocs\health\Demo\vendor\codeigniter4\framework\system\CodeIgniter.php(317): CodeIgniter\CodeIgniter->handleRequest(NULL, Object(Config\Cache), false)
#12 E:\Xampp2\htdocs\health\Demo\public\index.php(37): CodeIgniter\CodeIgniter->run()
#13 E:\Xampp2\htdocs\health\Demo\vendor\codeigniter4\framework\system\Commands\Server\rewrite.php(43): require_once('E:\\Xampp2\\htdoc...')
#14 {main}
CRITICAL - 2021-10-13 09:18:47 --> Undefined variable: items
#0 E:\Xampp2\htdocs\health\Demo\app\Views\frontend\_component\simple.php(4): CodeIgniter\Debug\Exceptions->errorHandler(8, 'Undefined varia...', 'E:\\Xampp2\\htdoc...', 4, Array)
#1 E:\Xampp2\htdocs\health\Demo\vendor\codeigniter4\framework\system\View\View.php(214): include('E:\\Xampp2\\htdoc...')
#2 E:\Xampp2\htdocs\health\Demo\vendor\codeigniter4\framework\system\View\View.php(217): CodeIgniter\View\View->CodeIgniter\View\{closure}()
#3 E:\Xampp2\htdocs\health\Demo\vendor\codeigniter4\framework\system\View\View.php(432): CodeIgniter\View\View->render('frontend/_compo...', NULL, true)
#4 E:\Xampp2\htdocs\health\Demo\app\Views\frontend\pages\home.php(6): CodeIgniter\View\View->include('frontend/_compo...')
#5 E:\Xampp2\htdocs\health\Demo\vendor\codeigniter4\framework\system\View\View.php(214): include('E:\\Xampp2\\htdoc...')
#6 E:\Xampp2\htdocs\health\Demo\vendor\codeigniter4\framework\system\View\View.php(217): CodeIgniter\View\View->CodeIgniter\View\{closure}()
#7 E:\Xampp2\htdocs\health\Demo\vendor\codeigniter4\framework\system\Common.php(1092): CodeIgniter\View\View->render('frontend/pages/...', Array, true)
#8 E:\Xampp2\htdocs\health\Demo\app\Controllers\Home.php(79): view('frontend/pages/...', Array)
#9 E:\Xampp2\htdocs\health\Demo\vendor\codeigniter4\framework\system\CodeIgniter.php(802): App\Controllers\Home->index()
#10 E:\Xampp2\htdocs\health\Demo\vendor\codeigniter4\framework\system\CodeIgniter.php(399): CodeIgniter\CodeIgniter->runController(Object(App\Controllers\Home))
#11 E:\Xampp2\htdocs\health\Demo\vendor\codeigniter4\framework\system\CodeIgniter.php(317): CodeIgniter\CodeIgniter->handleRequest(NULL, Object(Config\Cache), false)
#12 E:\Xampp2\htdocs\health\Demo\public\index.php(37): CodeIgniter\CodeIgniter->run()
#13 E:\Xampp2\htdocs\health\Demo\vendor\codeigniter4\framework\system\Commands\Server\rewrite.php(43): require_once('E:\\Xampp2\\htdoc...')
#14 {main}
CRITICAL - 2021-10-13 09:19:03 --> Invalid file: frontend/_component/compact.php
#0 E:\Xampp2\htdocs\health\Demo\vendor\codeigniter4\framework\system\View\View.php(198): CodeIgniter\Exceptions\FrameworkException::forInvalidFile('frontend/_compo...')
#1 E:\Xampp2\htdocs\health\Demo\vendor\codeigniter4\framework\system\Common.php(1092): CodeIgniter\View\View->render('frontend/_compo...', Array, true)
#2 E:\Xampp2\htdocs\health\Demo\app\Views\frontend\pages\home.php(11): view('frontend/_compo...')
#3 E:\Xampp2\htdocs\health\Demo\vendor\codeigniter4\framework\system\View\View.php(214): include('E:\\Xampp2\\htdoc...')
#4 E:\Xampp2\htdocs\health\Demo\vendor\codeigniter4\framework\system\View\View.php(217): CodeIgniter\View\View->CodeIgniter\View\{closure}()
#5 E:\Xampp2\htdocs\health\Demo\vendor\codeigniter4\framework\system\Common.php(1092): CodeIgniter\View\View->render('frontend/pages/...', Array, true)
#6 E:\Xampp2\htdocs\health\Demo\app\Controllers\Home.php(79): view('frontend/pages/...', Array)
#7 E:\Xampp2\htdocs\health\Demo\vendor\codeigniter4\framework\system\CodeIgniter.php(802): App\Controllers\Home->index()
#8 E:\Xampp2\htdocs\health\Demo\vendor\codeigniter4\framework\system\CodeIgniter.php(399): CodeIgniter\CodeIgniter->runController(Object(App\Controllers\Home))
#9 E:\Xampp2\htdocs\health\Demo\vendor\codeigniter4\framework\system\CodeIgniter.php(317): CodeIgniter\CodeIgniter->handleRequest(NULL, Object(Config\Cache), false)
#10 E:\Xampp2\htdocs\health\Demo\public\index.php(37): CodeIgniter\CodeIgniter->run()
#11 E:\Xampp2\htdocs\health\Demo\vendor\codeigniter4\framework\system\Commands\Server\rewrite.php(43): require_once('E:\\Xampp2\\htdoc...')
#12 {main}
CRITICAL - 2021-10-13 09:19:22 --> Invalid file: frontend/_component/_Compact.php
#0 E:\Xampp2\htdocs\health\Demo\vendor\codeigniter4\framework\system\View\View.php(198): CodeIgniter\Exceptions\FrameworkException::forInvalidFile('frontend/_compo...')
#1 E:\Xampp2\htdocs\health\Demo\vendor\codeigniter4\framework\system\View\View.php(432): CodeIgniter\View\View->render('frontend/_compo...', NULL, true)
#2 E:\Xampp2\htdocs\health\Demo\app\Views\frontend\pages\home.php(7): CodeIgniter\View\View->include('frontend/_compo...')
#3 E:\Xampp2\htdocs\health\Demo\vendor\codeigniter4\framework\system\View\View.php(214): include('E:\\Xampp2\\htdoc...')
#4 E:\Xampp2\htdocs\health\Demo\vendor\codeigniter4\framework\system\View\View.php(217): CodeIgniter\View\View->CodeIgniter\View\{closure}()
#5 E:\Xampp2\htdocs\health\Demo\vendor\codeigniter4\framework\system\Common.php(1092): CodeIgniter\View\View->render('frontend/pages/...', Array, true)
#6 E:\Xampp2\htdocs\health\Demo\app\Controllers\Home.php(79): view('frontend/pages/...', Array)
#7 E:\Xampp2\htdocs\health\Demo\vendor\codeigniter4\framework\system\CodeIgniter.php(802): App\Controllers\Home->index()
#8 E:\Xampp2\htdocs\health\Demo\vendor\codeigniter4\framework\system\CodeIgniter.php(399): CodeIgniter\CodeIgniter->runController(Object(App\Controllers\Home))
#9 E:\Xampp2\htdocs\health\Demo\vendor\codeigniter4\framework\system\CodeIgniter.php(317): CodeIgniter\CodeIgniter->handleRequest(NULL, Object(Config\Cache), false)
#10 E:\Xampp2\htdocs\health\Demo\public\index.php(37): CodeIgniter\CodeIgniter->run()
#11 E:\Xampp2\htdocs\health\Demo\vendor\codeigniter4\framework\system\Commands\Server\rewrite.php(43): require_once('E:\\Xampp2\\htdoc...')
#12 {main}
CRITICAL - 2021-10-13 09:19:24 --> Invalid file: frontend/_component/_Compact.php
#0 E:\Xampp2\htdocs\health\Demo\vendor\codeigniter4\framework\system\View\View.php(198): CodeIgniter\Exceptions\FrameworkException::forInvalidFile('frontend/_compo...')
#1 E:\Xampp2\htdocs\health\Demo\vendor\codeigniter4\framework\system\View\View.php(432): CodeIgniter\View\View->render('frontend/_compo...', NULL, true)
#2 E:\Xampp2\htdocs\health\Demo\app\Views\frontend\pages\home.php(7): CodeIgniter\View\View->include('frontend/_compo...')
#3 E:\Xampp2\htdocs\health\Demo\vendor\codeigniter4\framework\system\View\View.php(214): include('E:\\Xampp2\\htdoc...')
#4 E:\Xampp2\htdocs\health\Demo\vendor\codeigniter4\framework\system\View\View.php(217): CodeIgniter\View\View->CodeIgniter\View\{closure}()
#5 E:\Xampp2\htdocs\health\Demo\vendor\codeigniter4\framework\system\Common.php(1092): CodeIgniter\View\View->render('frontend/pages/...', Array, true)
#6 E:\Xampp2\htdocs\health\Demo\app\Controllers\Home.php(79): view('frontend/pages/...', Array)
#7 E:\Xampp2\htdocs\health\Demo\vendor\codeigniter4\framework\system\CodeIgniter.php(802): App\Controllers\Home->index()
#8 E:\Xampp2\htdocs\health\Demo\vendor\codeigniter4\framework\system\CodeIgniter.php(399): CodeIgniter\CodeIgniter->runController(Object(App\Controllers\Home))
#9 E:\Xampp2\htdocs\health\Demo\vendor\codeigniter4\framework\system\CodeIgniter.php(317): CodeIgniter\CodeIgniter->handleRequest(NULL, Object(Config\Cache), false)
#10 E:\Xampp2\htdocs\health\Demo\public\index.php(37): CodeIgniter\CodeIgniter->run()
#11 E:\Xampp2\htdocs\health\Demo\vendor\codeigniter4\framework\system\Commands\Server\rewrite.php(43): require_once('E:\\Xampp2\\htdoc...')
#12 {main}
CRITICAL - 2021-10-13 09:19:40 --> Invalid file: frontend/_component/_Compact.php
#0 E:\Xampp2\htdocs\health\Demo\vendor\codeigniter4\framework\system\View\View.php(198): CodeIgniter\Exceptions\FrameworkException::forInvalidFile('frontend/_compo...')
#1 E:\Xampp2\htdocs\health\Demo\vendor\codeigniter4\framework\system\View\View.php(432): CodeIgniter\View\View->render('frontend/_compo...', NULL, true)
#2 E:\Xampp2\htdocs\health\Demo\app\Views\frontend\pages\home.php(7): CodeIgniter\View\View->include('frontend/_compo...')
#3 E:\Xampp2\htdocs\health\Demo\vendor\codeigniter4\framework\system\View\View.php(214): include('E:\\Xampp2\\htdoc...')
#4 E:\Xampp2\htdocs\health\Demo\vendor\codeigniter4\framework\system\View\View.php(217): CodeIgniter\View\View->CodeIgniter\View\{closure}()
#5 E:\Xampp2\htdocs\health\Demo\vendor\codeigniter4\framework\system\Common.php(1092): CodeIgniter\View\View->render('frontend/pages/...', Array, true)
#6 E:\Xampp2\htdocs\health\Demo\app\Controllers\Home.php(79): view('frontend/pages/...', Array)
#7 E:\Xampp2\htdocs\health\Demo\vendor\codeigniter4\framework\system\CodeIgniter.php(802): App\Controllers\Home->index()
#8 E:\Xampp2\htdocs\health\Demo\vendor\codeigniter4\framework\system\CodeIgniter.php(399): CodeIgniter\CodeIgniter->runController(Object(App\Controllers\Home))
#9 E:\Xampp2\htdocs\health\Demo\vendor\codeigniter4\framework\system\CodeIgniter.php(317): CodeIgniter\CodeIgniter->handleRequest(NULL, Object(Config\Cache), false)
#10 E:\Xampp2\htdocs\health\Demo\public\index.php(37): CodeIgniter\CodeIgniter->run()
#11 E:\Xampp2\htdocs\health\Demo\vendor\codeigniter4\framework\system\Commands\Server\rewrite.php(43): require_once('E:\\Xampp2\\htdoc...')
#12 {main}
CRITICAL - 2021-10-13 09:19:41 --> Invalid file: frontend/_component/_Compact.php
#0 E:\Xampp2\htdocs\health\Demo\vendor\codeigniter4\framework\system\View\View.php(198): CodeIgniter\Exceptions\FrameworkException::forInvalidFile('frontend/_compo...')
#1 E:\Xampp2\htdocs\health\Demo\vendor\codeigniter4\framework\system\View\View.php(432): CodeIgniter\View\View->render('frontend/_compo...', NULL, true)
#2 E:\Xampp2\htdocs\health\Demo\app\Views\frontend\pages\home.php(7): CodeIgniter\View\View->include('frontend/_compo...')
#3 E:\Xampp2\htdocs\health\Demo\vendor\codeigniter4\framework\system\View\View.php(214): include('E:\\Xampp2\\htdoc...')
#4 E:\Xampp2\htdocs\health\Demo\vendor\codeigniter4\framework\system\View\View.php(217): CodeIgniter\View\View->CodeIgniter\View\{closure}()
#5 E:\Xampp2\htdocs\health\Demo\vendor\codeigniter4\framework\system\Common.php(1092): CodeIgniter\View\View->render('frontend/pages/...', Array, true)
#6 E:\Xampp2\htdocs\health\Demo\app\Controllers\Home.php(79): view('frontend/pages/...', Array)
#7 E:\Xampp2\htdocs\health\Demo\vendor\codeigniter4\framework\system\CodeIgniter.php(802): App\Controllers\Home->index()
#8 E:\Xampp2\htdocs\health\Demo\vendor\codeigniter4\framework\system\CodeIgniter.php(399): CodeIgniter\CodeIgniter->runController(Object(App\Controllers\Home))
#9 E:\Xampp2\htdocs\health\Demo\vendor\codeigniter4\framework\system\CodeIgniter.php(317): CodeIgniter\CodeIgniter->handleRequest(NULL, Object(Config\Cache), false)
#10 E:\Xampp2\htdocs\health\Demo\public\index.php(37): CodeIgniter\CodeIgniter->run()
#11 E:\Xampp2\htdocs\health\Demo\vendor\codeigniter4\framework\system\Commands\Server\rewrite.php(43): require_once('E:\\Xampp2\\htdoc...')
#12 {main}
CRITICAL - 2021-10-13 09:24:51 --> Maximum execution time of 60 seconds exceeded
#0 [internal function]: CodeIgniter\Debug\Exceptions->shutdownHandler()
#1 {main}
CRITICAL - 2021-10-13 09:25:04 --> Undefined variable: items
#0 E:\Xampp2\htdocs\health\Demo\app\Views\frontend\_component\simple.php(4): CodeIgniter\Debug\Exceptions->errorHandler(8, 'Undefined varia...', 'E:\\Xampp2\\htdoc...', 4, Array)
#1 E:\Xampp2\htdocs\health\Demo\vendor\codeigniter4\framework\system\View\View.php(214): include('E:\\Xampp2\\htdoc...')
#2 E:\Xampp2\htdocs\health\Demo\vendor\codeigniter4\framework\system\View\View.php(217): CodeIgniter\View\View->CodeIgniter\View\{closure}()
#3 E:\Xampp2\htdocs\health\Demo\vendor\codeigniter4\framework\system\View\View.php(432): CodeIgniter\View\View->render('frontend/_compo...', NULL, true)
#4 E:\Xampp2\htdocs\health\Demo\app\Views\frontend\pages\home.php(6): CodeIgniter\View\View->include('frontend/_compo...')
#5 E:\Xampp2\htdocs\health\Demo\vendor\codeigniter4\framework\system\View\View.php(214): include('E:\\Xampp2\\htdoc...')
#6 E:\Xampp2\htdocs\health\Demo\vendor\codeigniter4\framework\system\View\View.php(217): CodeIgniter\View\View->CodeIgniter\View\{closure}()
#7 E:\Xampp2\htdocs\health\Demo\vendor\codeigniter4\framework\system\Common.php(1092): CodeIgniter\View\View->render('frontend/pages/...', Array, true)
#8 E:\Xampp2\htdocs\health\Demo\app\Controllers\Home.php(79): view('frontend/pages/...', Array)
#9 E:\Xampp2\htdocs\health\Demo\vendor\codeigniter4\framework\system\CodeIgniter.php(802): App\Controllers\Home->index()
#10 E:\Xampp2\htdocs\health\Demo\vendor\codeigniter4\framework\system\CodeIgniter.php(399): CodeIgniter\CodeIgniter->runController(Object(App\Controllers\Home))
#11 E:\Xampp2\htdocs\health\Demo\vendor\codeigniter4\framework\system\CodeIgniter.php(317): CodeIgniter\CodeIgniter->handleRequest(NULL, Object(Config\Cache), false)
#12 E:\Xampp2\htdocs\health\Demo\public\index.php(37): CodeIgniter\CodeIgniter->run()
#13 E:\Xampp2\htdocs\health\Demo\vendor\codeigniter4\framework\system\Commands\Server\rewrite.php(43): require_once('E:\\Xampp2\\htdoc...')
#14 {main}
CRITICAL - 2021-10-13 09:26:00 --> Undefined variable: items
#0 E:\Xampp2\htdocs\health\Demo\app\Views\frontend\_component\simple.php(1): CodeIgniter\Debug\Exceptions->errorHandler(8, 'Undefined varia...', 'E:\\Xampp2\\htdoc...', 1, Array)
#1 E:\Xampp2\htdocs\health\Demo\vendor\codeigniter4\framework\system\View\View.php(214): include('E:\\Xampp2\\htdoc...')
#2 E:\Xampp2\htdocs\health\Demo\vendor\codeigniter4\framework\system\View\View.php(217): CodeIgniter\View\View->CodeIgniter\View\{closure}()
#3 E:\Xampp2\htdocs\health\Demo\vendor\codeigniter4\framework\system\View\View.php(432): CodeIgniter\View\View->render('frontend/_compo...', NULL, true)
#4 E:\Xampp2\htdocs\health\Demo\app\Views\frontend\pages\home.php(6): CodeIgniter\View\View->include('frontend/_compo...')
#5 E:\Xampp2\htdocs\health\Demo\vendor\codeigniter4\framework\system\View\View.php(214): include('E:\\Xampp2\\htdoc...')
#6 E:\Xampp2\htdocs\health\Demo\vendor\codeigniter4\framework\system\View\View.php(217): CodeIgniter\View\View->CodeIgniter\View\{closure}()
#7 E:\Xampp2\htdocs\health\Demo\vendor\codeigniter4\framework\system\Common.php(1092): CodeIgniter\View\View->render('frontend/pages/...', Array, true)
#8 E:\Xampp2\htdocs\health\Demo\app\Controllers\Home.php(79): view('frontend/pages/...', Array)
#9 E:\Xampp2\htdocs\health\Demo\vendor\codeigniter4\framework\system\CodeIgniter.php(802): App\Controllers\Home->index()
#10 E:\Xampp2\htdocs\health\Demo\vendor\codeigniter4\framework\system\CodeIgniter.php(399): CodeIgniter\CodeIgniter->runController(Object(App\Controllers\Home))
#11 E:\Xampp2\htdocs\health\Demo\vendor\codeigniter4\framework\system\CodeIgniter.php(317): CodeIgniter\CodeIgniter->handleRequest(NULL, Object(Config\Cache), false)
#12 E:\Xampp2\htdocs\health\Demo\public\index.php(37): CodeIgniter\CodeIgniter->run()
#13 E:\Xampp2\htdocs\health\Demo\vendor\codeigniter4\framework\system\Commands\Server\rewrite.php(43): require_once('E:\\Xampp2\\htdoc...')
#14 {main}
CRITICAL - 2021-10-13 09:31:08 --> Undefined variable: items
#0 E:\Xampp2\htdocs\health\Demo\app\Views\frontend\_component\compact.php(4): CodeIgniter\Debug\Exceptions->errorHandler(8, 'Undefined varia...', 'E:\\Xampp2\\htdoc...', 4, Array)
#1 E:\Xampp2\htdocs\health\Demo\vendor\codeigniter4\framework\system\View\View.php(214): include('E:\\Xampp2\\htdoc...')
#2 E:\Xampp2\htdocs\health\Demo\vendor\codeigniter4\framework\system\View\View.php(217): CodeIgniter\View\View->CodeIgniter\View\{closure}()
#3 E:\Xampp2\htdocs\health\Demo\vendor\codeigniter4\framework\system\View\View.php(432): CodeIgniter\View\View->render('frontend/_compo...', NULL, true)
#4 E:\Xampp2\htdocs\health\Demo\app\Views\frontend\pages\home.php(7): CodeIgniter\View\View->include('frontend/_compo...')
#5 E:\Xampp2\htdocs\health\Demo\vendor\codeigniter4\framework\system\View\View.php(214): include('E:\\Xampp2\\htdoc...')
#6 E:\Xampp2\htdocs\health\Demo\vendor\codeigniter4\framework\system\View\View.php(217): CodeIgniter\View\View->CodeIgniter\View\{closure}()
#7 E:\Xampp2\htdocs\health\Demo\vendor\codeigniter4\framework\system\Common.php(1092): CodeIgniter\View\View->render('frontend/pages/...', Array, true)
#8 E:\Xampp2\htdocs\health\Demo\app\Controllers\Home.php(79): view('frontend/pages/...', Array)
#9 E:\Xampp2\htdocs\health\Demo\vendor\codeigniter4\framework\system\CodeIgniter.php(802): App\Controllers\Home->index()
#10 E:\Xampp2\htdocs\health\Demo\vendor\codeigniter4\framework\system\CodeIgniter.php(399): CodeIgniter\CodeIgniter->runController(Object(App\Controllers\Home))
#11 E:\Xampp2\htdocs\health\Demo\vendor\codeigniter4\framework\system\CodeIgniter.php(317): CodeIgniter\CodeIgniter->handleRequest(NULL, Object(Config\Cache), false)
#12 E:\Xampp2\htdocs\health\Demo\public\index.php(37): CodeIgniter\CodeIgniter->run()
#13 E:\Xampp2\htdocs\health\Demo\vendor\codeigniter4\framework\system\Commands\Server\rewrite.php(43): require_once('E:\\Xampp2\\htdoc...')
#14 {main}
