CRITICAL - 2021-10-14 06:49:18 --> Undefined property: stdClass::$thumbnail
#0 E:\Xampp2\htdocs\health\Demo\app\Views\frontend\_component\simple.php(8): CodeIgniter\Debug\Exceptions->errorHandler(8, 'Undefined prope...', 'E:\\Xampp2\\htdoc...', 8, Array)
#1 E:\Xampp2\htdocs\health\Demo\vendor\codeigniter4\framework\system\View\View.php(214): include('E:\\Xampp2\\htdoc...')
#2 E:\Xampp2\htdocs\health\Demo\vendor\codeigniter4\framework\system\View\View.php(217): CodeIgniter\View\View->CodeIgniter\View\{closure}()
#3 E:\Xampp2\htdocs\health\Demo\vendor\codeigniter4\framework\system\Common.php(1092): CodeIgniter\View\View->render('frontend/_compo...', Array, true)
#4 E:\Xampp2\htdocs\health\Demo\app\Views\frontend\pages\home.php(7): view('frontend/_compo...', Array)
#5 E:\Xampp2\htdocs\health\Demo\vendor\codeigniter4\framework\system\View\View.php(214): include('E:\\Xampp2\\htdoc...')
#6 E:\Xampp2\htdocs\health\Demo\vendor\codeigniter4\framework\system\View\View.php(217): CodeIgniter\View\View->CodeIgniter\View\{closure}()
#7 E:\Xampp2\htdocs\health\Demo\vendor\codeigniter4\framework\system\Common.php(1092): CodeIgniter\View\View->render('frontend/pages/...', Array, true)
#8 E:\Xampp2\htdocs\health\Demo\app\Controllers\Home.php(79): view('frontend/pages/...', Array)
#9 E:\Xampp2\htdocs\health\Demo\vendor\codeigniter4\framework\system\CodeIgniter.php(802): App\Controllers\Home->index()
#10 E:\Xampp2\htdocs\health\Demo\vendor\codeigniter4\framework\system\CodeIgniter.php(399): CodeIgniter\CodeIgniter->runController(Object(App\Controllers\Home))
#11 E:\Xampp2\htdocs\health\Demo\vendor\codeigniter4\framework\system\CodeIgniter.php(317): CodeIgniter\CodeIgniter->handleRequest(NULL, Object(Config\Cache), false)
#12 E:\Xampp2\htdocs\health\Demo\public\index.php(37): CodeIgniter\CodeIgniter->run()
#13 E:\Xampp2\htdocs\health\Demo\vendor\codeigniter4\framework\system\Commands\Server\rewrite.php(43): require_once('E:\\Xampp2\\htdoc...')
#14 {main}
ERROR - 2021-10-14 06:50:28 --> Unknown column 'thumbnail' in 'field list'
CRITICAL - 2021-10-14 06:50:28 --> Unknown column 'thumbnail' in 'field list'
#0 E:\Xampp2\htdocs\health\Demo\vendor\codeigniter4\framework\system\Database\MySQLi\Connection.php(280): mysqli->query('SELECT `article...')
#1 E:\Xampp2\htdocs\health\Demo\vendor\codeigniter4\framework\system\Database\BaseConnection.php(663): CodeIgniter\Database\MySQLi\Connection->execute('SELECT `article...')
#2 E:\Xampp2\htdocs\health\Demo\vendor\codeigniter4\framework\system\Database\BaseConnection.php(591): CodeIgniter\Database\BaseConnection->simpleQuery('SELECT `article...')
#3 E:\Xampp2\htdocs\health\Demo\vendor\codeigniter4\framework\system\Database\BaseBuilder.php(1428): CodeIgniter\Database\BaseConnection->query('SELECT `article...', Array, false)
#4 E:\Xampp2\htdocs\health\Demo\vendor\codeigniter4\framework\system\Model.php(183): CodeIgniter\Database\BaseBuilder->get()
#5 E:\Xampp2\htdocs\health\Demo\vendor\codeigniter4\framework\system\BaseModel.php(584): CodeIgniter\Model->doFindAll(0, 0)
#6 E:\Xampp2\htdocs\health\Demo\app\Controllers\Home.php(31): CodeIgniter\BaseModel->findAll()
#7 E:\Xampp2\htdocs\health\Demo\vendor\codeigniter4\framework\system\CodeIgniter.php(802): App\Controllers\Home->index()
#8 E:\Xampp2\htdocs\health\Demo\vendor\codeigniter4\framework\system\CodeIgniter.php(399): CodeIgniter\CodeIgniter->runController(Object(App\Controllers\Home))
#9 E:\Xampp2\htdocs\health\Demo\vendor\codeigniter4\framework\system\CodeIgniter.php(317): CodeIgniter\CodeIgniter->handleRequest(NULL, Object(Config\Cache), false)
#10 E:\Xampp2\htdocs\health\Demo\public\index.php(37): CodeIgniter\CodeIgniter->run()
#11 E:\Xampp2\htdocs\health\Demo\vendor\codeigniter4\framework\system\Commands\Server\rewrite.php(43): require_once('E:\\Xampp2\\htdoc...')
#12 {main}
CRITICAL - 2021-10-14 07:54:32 --> Invalid escape context provided.
#0 E:\Xampp2\htdocs\health\Demo\app\Views\frontend\_component\simple.php(13): esc('12-October-2021', ' ')
#1 E:\Xampp2\htdocs\health\Demo\vendor\codeigniter4\framework\system\View\View.php(214): include('E:\\Xampp2\\htdoc...')
#2 E:\Xampp2\htdocs\health\Demo\vendor\codeigniter4\framework\system\View\View.php(217): CodeIgniter\View\View->CodeIgniter\View\{closure}()
#3 E:\Xampp2\htdocs\health\Demo\vendor\codeigniter4\framework\system\Common.php(1092): CodeIgniter\View\View->render('frontend/_compo...', Array, true)
#4 E:\Xampp2\htdocs\health\Demo\app\Views\frontend\pages\home.php(7): view('frontend/_compo...', Array)
#5 E:\Xampp2\htdocs\health\Demo\vendor\codeigniter4\framework\system\View\View.php(214): include('E:\\Xampp2\\htdoc...')
#6 E:\Xampp2\htdocs\health\Demo\vendor\codeigniter4\framework\system\View\View.php(217): CodeIgniter\View\View->CodeIgniter\View\{closure}()
#7 E:\Xampp2\htdocs\health\Demo\vendor\codeigniter4\framework\system\Common.php(1092): CodeIgniter\View\View->render('frontend/pages/...', Array, true)
#8 E:\Xampp2\htdocs\health\Demo\app\Controllers\Home.php(79): view('frontend/pages/...', Array)
#9 E:\Xampp2\htdocs\health\Demo\vendor\codeigniter4\framework\system\CodeIgniter.php(802): App\Controllers\Home->index()
#10 E:\Xampp2\htdocs\health\Demo\vendor\codeigniter4\framework\system\CodeIgniter.php(399): CodeIgniter\CodeIgniter->runController(Object(App\Controllers\Home))
#11 E:\Xampp2\htdocs\health\Demo\vendor\codeigniter4\framework\system\CodeIgniter.php(317): CodeIgniter\CodeIgniter->handleRequest(NULL, Object(Config\Cache), false)
#12 E:\Xampp2\htdocs\health\Demo\public\index.php(37): CodeIgniter\CodeIgniter->run()
#13 E:\Xampp2\htdocs\health\Demo\vendor\codeigniter4\framework\system\Commands\Server\rewrite.php(43): require_once('E:\\Xampp2\\htdoc...')
#14 {main}
CRITICAL - 2021-10-14 07:56:00 --> Too few arguments to function limit_word(), 1 passed in E:\Xampp2\htdocs\health\Demo\app\Views\frontend\_component\simple.php on line 15 and exactly 2 expected
#0 E:\Xampp2\htdocs\health\Demo\app\Views\frontend\_component\simple.php(15): limit_word('&lt;p&gt;adas&l...')
#1 E:\Xampp2\htdocs\health\Demo\vendor\codeigniter4\framework\system\View\View.php(214): include('E:\\Xampp2\\htdoc...')
#2 E:\Xampp2\htdocs\health\Demo\vendor\codeigniter4\framework\system\View\View.php(217): CodeIgniter\View\View->CodeIgniter\View\{closure}()
#3 E:\Xampp2\htdocs\health\Demo\vendor\codeigniter4\framework\system\Common.php(1092): CodeIgniter\View\View->render('frontend/_compo...', Array, true)
#4 E:\Xampp2\htdocs\health\Demo\app\Views\frontend\pages\home.php(7): view('frontend/_compo...', Array)
#5 E:\Xampp2\htdocs\health\Demo\vendor\codeigniter4\framework\system\View\View.php(214): include('E:\\Xampp2\\htdoc...')
#6 E:\Xampp2\htdocs\health\Demo\vendor\codeigniter4\framework\system\View\View.php(217): CodeIgniter\View\View->CodeIgniter\View\{closure}()
#7 E:\Xampp2\htdocs\health\Demo\vendor\codeigniter4\framework\system\Common.php(1092): CodeIgniter\View\View->render('frontend/pages/...', Array, true)
#8 E:\Xampp2\htdocs\health\Demo\app\Controllers\Home.php(79): view('frontend/pages/...', Array)
#9 E:\Xampp2\htdocs\health\Demo\vendor\codeigniter4\framework\system\CodeIgniter.php(802): App\Controllers\Home->index()
#10 E:\Xampp2\htdocs\health\Demo\vendor\codeigniter4\framework\system\CodeIgniter.php(399): CodeIgniter\CodeIgniter->runController(Object(App\Controllers\Home))
#11 E:\Xampp2\htdocs\health\Demo\vendor\codeigniter4\framework\system\CodeIgniter.php(317): CodeIgniter\CodeIgniter->handleRequest(NULL, Object(Config\Cache), false)
#12 E:\Xampp2\htdocs\health\Demo\public\index.php(37): CodeIgniter\CodeIgniter->run()
#13 E:\Xampp2\htdocs\health\Demo\vendor\codeigniter4\framework\system\Commands\Server\rewrite.php(43): require_once('E:\\Xampp2\\htdoc...')
#14 {main}
CRITICAL - 2021-10-14 08:05:19 --> Undefined property: stdClass::$slug_url
#0 E:\Xampp2\htdocs\health\Demo\app\Views\frontend\_component\simple.php(16): CodeIgniter\Debug\Exceptions->errorHandler(8, 'Undefined prope...', 'E:\\Xampp2\\htdoc...', 16, Array)
#1 E:\Xampp2\htdocs\health\Demo\vendor\codeigniter4\framework\system\View\View.php(214): include('E:\\Xampp2\\htdoc...')
#2 E:\Xampp2\htdocs\health\Demo\vendor\codeigniter4\framework\system\View\View.php(217): CodeIgniter\View\View->CodeIgniter\View\{closure}()
#3 E:\Xampp2\htdocs\health\Demo\vendor\codeigniter4\framework\system\Common.php(1092): CodeIgniter\View\View->render('frontend/_compo...', Array, true)
#4 E:\Xampp2\htdocs\health\Demo\app\Views\frontend\pages\home.php(7): view('frontend/_compo...', Array)
#5 E:\Xampp2\htdocs\health\Demo\vendor\codeigniter4\framework\system\View\View.php(214): include('E:\\Xampp2\\htdoc...')
#6 E:\Xampp2\htdocs\health\Demo\vendor\codeigniter4\framework\system\View\View.php(217): CodeIgniter\View\View->CodeIgniter\View\{closure}()
#7 E:\Xampp2\htdocs\health\Demo\vendor\codeigniter4\framework\system\Common.php(1092): CodeIgniter\View\View->render('frontend/pages/...', Array, true)
#8 E:\Xampp2\htdocs\health\Demo\app\Controllers\Home.php(79): view('frontend/pages/...', Array)
#9 E:\Xampp2\htdocs\health\Demo\vendor\codeigniter4\framework\system\CodeIgniter.php(802): App\Controllers\Home->index()
#10 E:\Xampp2\htdocs\health\Demo\vendor\codeigniter4\framework\system\CodeIgniter.php(399): CodeIgniter\CodeIgniter->runController(Object(App\Controllers\Home))
#11 E:\Xampp2\htdocs\health\Demo\vendor\codeigniter4\framework\system\CodeIgniter.php(317): CodeIgniter\CodeIgniter->handleRequest(NULL, Object(Config\Cache), false)
#12 E:\Xampp2\htdocs\health\Demo\public\index.php(37): CodeIgniter\CodeIgniter->run()
#13 E:\Xampp2\htdocs\health\Demo\vendor\codeigniter4\framework\system\Commands\Server\rewrite.php(43): require_once('E:\\Xampp2\\htdoc...')
#14 {main}
CRITICAL - 2021-10-14 08:16:16 --> Too few arguments to function App\Controllers\Article::read(), 4 passed in E:\Xampp2\htdocs\health\Demo\vendor\codeigniter4\framework\system\CodeIgniter.php on line 802 and exactly 5 expected
#0 E:\Xampp2\htdocs\health\Demo\vendor\codeigniter4\framework\system\CodeIgniter.php(802): App\Controllers\Article->read('13', '10', '2021', '3')
#1 E:\Xampp2\htdocs\health\Demo\vendor\codeigniter4\framework\system\CodeIgniter.php(399): CodeIgniter\CodeIgniter->runController(Object(App\Controllers\Article))
#2 E:\Xampp2\htdocs\health\Demo\vendor\codeigniter4\framework\system\CodeIgniter.php(317): CodeIgniter\CodeIgniter->handleRequest(NULL, Object(Config\Cache), false)
#3 E:\Xampp2\htdocs\health\Demo\public\index.php(37): CodeIgniter\CodeIgniter->run()
#4 E:\Xampp2\htdocs\health\Demo\vendor\codeigniter4\framework\system\Commands\Server\rewrite.php(43): require_once('E:\\Xampp2\\htdoc...')
#5 {main}
CRITICAL - 2021-10-14 08:32:23 --> Undefined variable: article
#0 E:\Xampp2\htdocs\health\Demo\app\Views\frontend\pages\home.php(6): CodeIgniter\Debug\Exceptions->errorHandler(8, 'Undefined varia...', 'E:\\Xampp2\\htdoc...', 6, Array)
#1 E:\Xampp2\htdocs\health\Demo\vendor\codeigniter4\framework\system\View\View.php(214): include('E:\\Xampp2\\htdoc...')
#2 E:\Xampp2\htdocs\health\Demo\vendor\codeigniter4\framework\system\View\View.php(217): CodeIgniter\View\View->CodeIgniter\View\{closure}()
#3 E:\Xampp2\htdocs\health\Demo\vendor\codeigniter4\framework\system\Common.php(1092): CodeIgniter\View\View->render('frontend/pages/...', Array, true)
#4 E:\Xampp2\htdocs\health\Demo\app\Controllers\Article.php(34): view('frontend/pages/...', Array)
#5 E:\Xampp2\htdocs\health\Demo\vendor\codeigniter4\framework\system\CodeIgniter.php(802): App\Controllers\Article->read('13', '10', '2021', '3')
#6 E:\Xampp2\htdocs\health\Demo\vendor\codeigniter4\framework\system\CodeIgniter.php(399): CodeIgniter\CodeIgniter->runController(Object(App\Controllers\Article))
#7 E:\Xampp2\htdocs\health\Demo\vendor\codeigniter4\framework\system\CodeIgniter.php(317): CodeIgniter\CodeIgniter->handleRequest(NULL, Object(Config\Cache), false)
#8 E:\Xampp2\htdocs\health\Demo\public\index.php(37): CodeIgniter\CodeIgniter->run()
#9 E:\Xampp2\htdocs\health\Demo\vendor\codeigniter4\framework\system\Commands\Server\rewrite.php(43): require_once('E:\\Xampp2\\htdoc...')
#10 {main}
CRITICAL - 2021-10-14 08:32:34 --> Undefined variable: category
#0 E:\Xampp2\htdocs\health\Demo\app\Views\frontend\_layout\_navbar.php(22): CodeIgniter\Debug\Exceptions->errorHandler(8, 'Undefined varia...', 'E:\\Xampp2\\htdoc...', 22, Array)
#1 E:\Xampp2\htdocs\health\Demo\vendor\codeigniter4\framework\system\View\View.php(214): include('E:\\Xampp2\\htdoc...')
#2 E:\Xampp2\htdocs\health\Demo\vendor\codeigniter4\framework\system\View\View.php(217): CodeIgniter\View\View->CodeIgniter\View\{closure}()
#3 E:\Xampp2\htdocs\health\Demo\vendor\codeigniter4\framework\system\View\View.php(432): CodeIgniter\View\View->render('frontend/_layou...', NULL, true)
#4 E:\Xampp2\htdocs\health\Demo\app\Views\frontend\_layout\_content.php(2): CodeIgniter\View\View->include('frontend/_layou...')
#5 E:\Xampp2\htdocs\health\Demo\vendor\codeigniter4\framework\system\View\View.php(214): include('E:\\Xampp2\\htdoc...')
#6 E:\Xampp2\htdocs\health\Demo\vendor\codeigniter4\framework\system\View\View.php(217): CodeIgniter\View\View->CodeIgniter\View\{closure}()
#7 E:\Xampp2\htdocs\health\Demo\vendor\codeigniter4\framework\system\View\View.php(230): CodeIgniter\View\View->render('frontend/_layou...', Array, true)
#8 E:\Xampp2\htdocs\health\Demo\vendor\codeigniter4\framework\system\Common.php(1092): CodeIgniter\View\View->render('frontend/pages/...', Array, true)
#9 E:\Xampp2\htdocs\health\Demo\app\Controllers\Article.php(34): view('frontend/pages/...', Array)
#10 E:\Xampp2\htdocs\health\Demo\vendor\codeigniter4\framework\system\CodeIgniter.php(802): App\Controllers\Article->read('13', '10', '2021', '3')
#11 E:\Xampp2\htdocs\health\Demo\vendor\codeigniter4\framework\system\CodeIgniter.php(399): CodeIgniter\CodeIgniter->runController(Object(App\Controllers\Article))
#12 E:\Xampp2\htdocs\health\Demo\vendor\codeigniter4\framework\system\CodeIgniter.php(317): CodeIgniter\CodeIgniter->handleRequest(NULL, Object(Config\Cache), false)
#13 E:\Xampp2\htdocs\health\Demo\public\index.php(37): CodeIgniter\CodeIgniter->run()
#14 E:\Xampp2\htdocs\health\Demo\vendor\codeigniter4\framework\system\Commands\Server\rewrite.php(43): require_once('E:\\Xampp2\\htdoc...')
#15 {main}
CRITICAL - 2021-10-14 08:33:24 --> Undefined variable: category
#0 E:\Xampp2\htdocs\health\Demo\app\Views\frontend\_layout\_navbar.php(22): CodeIgniter\Debug\Exceptions->errorHandler(8, 'Undefined varia...', 'E:\\Xampp2\\htdoc...', 22, Array)
#1 E:\Xampp2\htdocs\health\Demo\vendor\codeigniter4\framework\system\View\View.php(214): include('E:\\Xampp2\\htdoc...')
#2 E:\Xampp2\htdocs\health\Demo\vendor\codeigniter4\framework\system\View\View.php(217): CodeIgniter\View\View->CodeIgniter\View\{closure}()
#3 E:\Xampp2\htdocs\health\Demo\vendor\codeigniter4\framework\system\View\View.php(432): CodeIgniter\View\View->render('frontend/_layou...', NULL, true)
#4 E:\Xampp2\htdocs\health\Demo\app\Views\frontend\_layout\_content.php(2): CodeIgniter\View\View->include('frontend/_layou...')
#5 E:\Xampp2\htdocs\health\Demo\vendor\codeigniter4\framework\system\View\View.php(214): include('E:\\Xampp2\\htdoc...')
#6 E:\Xampp2\htdocs\health\Demo\vendor\codeigniter4\framework\system\View\View.php(217): CodeIgniter\View\View->CodeIgniter\View\{closure}()
#7 E:\Xampp2\htdocs\health\Demo\vendor\codeigniter4\framework\system\View\View.php(230): CodeIgniter\View\View->render('frontend/_layou...', Array, true)
#8 E:\Xampp2\htdocs\health\Demo\vendor\codeigniter4\framework\system\Common.php(1092): CodeIgniter\View\View->render('frontend/pages/...', Array, true)
#9 E:\Xampp2\htdocs\health\Demo\app\Controllers\Article.php(40): view('frontend/pages/...', Array)
#10 E:\Xampp2\htdocs\health\Demo\vendor\codeigniter4\framework\system\CodeIgniter.php(802): App\Controllers\Article->read('13', '10', '2021', '3')
#11 E:\Xampp2\htdocs\health\Demo\vendor\codeigniter4\framework\system\CodeIgniter.php(399): CodeIgniter\CodeIgniter->runController(Object(App\Controllers\Article))
#12 E:\Xampp2\htdocs\health\Demo\vendor\codeigniter4\framework\system\CodeIgniter.php(317): CodeIgniter\CodeIgniter->handleRequest(NULL, Object(Config\Cache), false)
#13 E:\Xampp2\htdocs\health\Demo\public\index.php(37): CodeIgniter\CodeIgniter->run()
#14 E:\Xampp2\htdocs\health\Demo\vendor\codeigniter4\framework\system\Commands\Server\rewrite.php(43): require_once('E:\\Xampp2\\htdoc...')
#15 {main}
CRITICAL - 2021-10-14 08:33:39 --> Undefined variable: sortCategory
#0 E:\Xampp2\htdocs\health\Demo\app\Controllers\Article.php(36): CodeIgniter\Debug\Exceptions->errorHandler(8, 'Undefined varia...', 'E:\\Xampp2\\htdoc...', 36, Array)
#1 E:\Xampp2\htdocs\health\Demo\vendor\codeigniter4\framework\system\CodeIgniter.php(802): App\Controllers\Article->read('13', '10', '2021', '3')
#2 E:\Xampp2\htdocs\health\Demo\vendor\codeigniter4\framework\system\CodeIgniter.php(399): CodeIgniter\CodeIgniter->runController(Object(App\Controllers\Article))
#3 E:\Xampp2\htdocs\health\Demo\vendor\codeigniter4\framework\system\CodeIgniter.php(317): CodeIgniter\CodeIgniter->handleRequest(NULL, Object(Config\Cache), false)
#4 E:\Xampp2\htdocs\health\Demo\public\index.php(37): CodeIgniter\CodeIgniter->run()
#5 E:\Xampp2\htdocs\health\Demo\vendor\codeigniter4\framework\system\Commands\Server\rewrite.php(43): require_once('E:\\Xampp2\\htdoc...')
#6 {main}
ERROR - 2021-10-14 08:48:21 --> Column 'job' in field list is ambiguous
CRITICAL - 2021-10-14 08:48:21 --> Column 'job' in field list is ambiguous
#0 E:\Xampp2\htdocs\health\Demo\vendor\codeigniter4\framework\system\Database\MySQLi\Connection.php(280): mysqli->query('SELECT `job`, `...')
#1 E:\Xampp2\htdocs\health\Demo\vendor\codeigniter4\framework\system\Database\BaseConnection.php(663): CodeIgniter\Database\MySQLi\Connection->execute('SELECT `job`, `...')
#2 E:\Xampp2\htdocs\health\Demo\vendor\codeigniter4\framework\system\Database\BaseConnection.php(591): CodeIgniter\Database\BaseConnection->simpleQuery('SELECT `job`, `...')
#3 E:\Xampp2\htdocs\health\Demo\vendor\codeigniter4\framework\system\Database\BaseBuilder.php(1428): CodeIgniter\Database\BaseConnection->query('SELECT `job`, `...', Array, false)
#4 E:\Xampp2\htdocs\health\Demo\vendor\codeigniter4\framework\system\Model.php(183): CodeIgniter\Database\BaseBuilder->get()
#5 E:\Xampp2\htdocs\health\Demo\vendor\codeigniter4\framework\system\BaseModel.php(584): CodeIgniter\Model->doFindAll(0, 0)
#6 E:\Xampp2\htdocs\health\Demo\app\Controllers\Article.php(33): CodeIgniter\BaseModel->findAll()
#7 E:\Xampp2\htdocs\health\Demo\vendor\codeigniter4\framework\system\CodeIgniter.php(802): App\Controllers\Article->read('13', '10', '2021', '3')
#8 E:\Xampp2\htdocs\health\Demo\vendor\codeigniter4\framework\system\CodeIgniter.php(399): CodeIgniter\CodeIgniter->runController(Object(App\Controllers\Article))
#9 E:\Xampp2\htdocs\health\Demo\vendor\codeigniter4\framework\system\CodeIgniter.php(317): CodeIgniter\CodeIgniter->handleRequest(NULL, Object(Config\Cache), false)
#10 E:\Xampp2\htdocs\health\Demo\public\index.php(37): CodeIgniter\CodeIgniter->run()
#11 E:\Xampp2\htdocs\health\Demo\vendor\codeigniter4\framework\system\Commands\Server\rewrite.php(43): require_once('E:\\Xampp2\\htdoc...')
#12 {main}
ERROR - 2021-10-14 08:49:01 --> Unknown column 'author' in 'where clause'
CRITICAL - 2021-10-14 08:49:01 --> Unknown column 'author' in 'where clause'
#0 E:\Xampp2\htdocs\health\Demo\vendor\codeigniter4\framework\system\Database\MySQLi\Connection.php(280): mysqli->query('SELECT `author`...')
#1 E:\Xampp2\htdocs\health\Demo\vendor\codeigniter4\framework\system\Database\BaseConnection.php(663): CodeIgniter\Database\MySQLi\Connection->execute('SELECT `author`...')
#2 E:\Xampp2\htdocs\health\Demo\vendor\codeigniter4\framework\system\Database\BaseConnection.php(591): CodeIgniter\Database\BaseConnection->simpleQuery('SELECT `author`...')
#3 E:\Xampp2\htdocs\health\Demo\vendor\codeigniter4\framework\system\Database\BaseBuilder.php(1428): CodeIgniter\Database\BaseConnection->query('SELECT `author`...', Array, false)
#4 E:\Xampp2\htdocs\health\Demo\vendor\codeigniter4\framework\system\Model.php(183): CodeIgniter\Database\BaseBuilder->get()
#5 E:\Xampp2\htdocs\health\Demo\vendor\codeigniter4\framework\system\BaseModel.php(584): CodeIgniter\Model->doFindAll(0, 0)
#6 E:\Xampp2\htdocs\health\Demo\app\Controllers\Article.php(33): CodeIgniter\BaseModel->findAll()
#7 E:\Xampp2\htdocs\health\Demo\vendor\codeigniter4\framework\system\CodeIgniter.php(802): App\Controllers\Article->read('13', '10', '2021', '3')
#8 E:\Xampp2\htdocs\health\Demo\vendor\codeigniter4\framework\system\CodeIgniter.php(399): CodeIgniter\CodeIgniter->runController(Object(App\Controllers\Article))
#9 E:\Xampp2\htdocs\health\Demo\vendor\codeigniter4\framework\system\CodeIgniter.php(317): CodeIgniter\CodeIgniter->handleRequest(NULL, Object(Config\Cache), false)
#10 E:\Xampp2\htdocs\health\Demo\public\index.php(37): CodeIgniter\CodeIgniter->run()
#11 E:\Xampp2\htdocs\health\Demo\vendor\codeigniter4\framework\system\Commands\Server\rewrite.php(43): require_once('E:\\Xampp2\\htdoc...')
#12 {main}
ERROR - 2021-10-14 08:50:35 --> Unknown column 'author' in 'where clause'
CRITICAL - 2021-10-14 08:50:35 --> Unknown column 'author' in 'where clause'
#0 E:\Xampp2\htdocs\health\Demo\vendor\codeigniter4\framework\system\Database\MySQLi\Connection.php(280): mysqli->query('SELECT `author`...')
#1 E:\Xampp2\htdocs\health\Demo\vendor\codeigniter4\framework\system\Database\BaseConnection.php(663): CodeIgniter\Database\MySQLi\Connection->execute('SELECT `author`...')
#2 E:\Xampp2\htdocs\health\Demo\vendor\codeigniter4\framework\system\Database\BaseConnection.php(591): CodeIgniter\Database\BaseConnection->simpleQuery('SELECT `author`...')
#3 E:\Xampp2\htdocs\health\Demo\vendor\codeigniter4\framework\system\Database\BaseBuilder.php(1428): CodeIgniter\Database\BaseConnection->query('SELECT `author`...', Array, false)
#4 E:\Xampp2\htdocs\health\Demo\vendor\codeigniter4\framework\system\Model.php(183): CodeIgniter\Database\BaseBuilder->get()
#5 E:\Xampp2\htdocs\health\Demo\vendor\codeigniter4\framework\system\BaseModel.php(584): CodeIgniter\Model->doFindAll(0, 0)
#6 E:\Xampp2\htdocs\health\Demo\app\Controllers\Article.php(33): CodeIgniter\BaseModel->findAll()
#7 E:\Xampp2\htdocs\health\Demo\vendor\codeigniter4\framework\system\CodeIgniter.php(802): App\Controllers\Article->read('13', '10', '2021', '3')
#8 E:\Xampp2\htdocs\health\Demo\vendor\codeigniter4\framework\system\CodeIgniter.php(399): CodeIgniter\CodeIgniter->runController(Object(App\Controllers\Article))
#9 E:\Xampp2\htdocs\health\Demo\vendor\codeigniter4\framework\system\CodeIgniter.php(317): CodeIgniter\CodeIgniter->handleRequest(NULL, Object(Config\Cache), false)
#10 E:\Xampp2\htdocs\health\Demo\public\index.php(37): CodeIgniter\CodeIgniter->run()
#11 E:\Xampp2\htdocs\health\Demo\vendor\codeigniter4\framework\system\Commands\Server\rewrite.php(43): require_once('E:\\Xampp2\\htdoc...')
#12 {main}
ERROR - 2021-10-14 08:56:09 --> Unknown column 'author' in 'where clause'
CRITICAL - 2021-10-14 08:56:09 --> Unknown column 'author' in 'where clause'
#0 E:\Xampp2\htdocs\health\Demo\vendor\codeigniter4\framework\system\Database\MySQLi\Connection.php(280): mysqli->query('SELECT `author`...')
#1 E:\Xampp2\htdocs\health\Demo\vendor\codeigniter4\framework\system\Database\BaseConnection.php(663): CodeIgniter\Database\MySQLi\Connection->execute('SELECT `author`...')
#2 E:\Xampp2\htdocs\health\Demo\vendor\codeigniter4\framework\system\Database\BaseConnection.php(591): CodeIgniter\Database\BaseConnection->simpleQuery('SELECT `author`...')
#3 E:\Xampp2\htdocs\health\Demo\vendor\codeigniter4\framework\system\Database\BaseBuilder.php(1428): CodeIgniter\Database\BaseConnection->query('SELECT `author`...', Array, false)
#4 E:\Xampp2\htdocs\health\Demo\vendor\codeigniter4\framework\system\Model.php(183): CodeIgniter\Database\BaseBuilder->get()
#5 E:\Xampp2\htdocs\health\Demo\vendor\codeigniter4\framework\system\BaseModel.php(584): CodeIgniter\Model->doFindAll(0, 0)
#6 E:\Xampp2\htdocs\health\Demo\app\Controllers\Article.php(33): CodeIgniter\BaseModel->findAll()
#7 E:\Xampp2\htdocs\health\Demo\vendor\codeigniter4\framework\system\CodeIgniter.php(802): App\Controllers\Article->read('13', '10', '2021', '3')
#8 E:\Xampp2\htdocs\health\Demo\vendor\codeigniter4\framework\system\CodeIgniter.php(399): CodeIgniter\CodeIgniter->runController(Object(App\Controllers\Article))
#9 E:\Xampp2\htdocs\health\Demo\vendor\codeigniter4\framework\system\CodeIgniter.php(317): CodeIgniter\CodeIgniter->handleRequest(NULL, Object(Config\Cache), false)
#10 E:\Xampp2\htdocs\health\Demo\public\index.php(37): CodeIgniter\CodeIgniter->run()
#11 E:\Xampp2\htdocs\health\Demo\vendor\codeigniter4\framework\system\Commands\Server\rewrite.php(43): require_once('E:\\Xampp2\\htdoc...')
#12 {main}
ERROR - 2021-10-14 09:04:21 --> Column 'id' in where clause is ambiguous
CRITICAL - 2021-10-14 09:04:21 --> Column 'id' in where clause is ambiguous
#0 E:\Xampp2\htdocs\health\Demo\vendor\codeigniter4\framework\system\Database\MySQLi\Connection.php(280): mysqli->query('SELECT `author`...')
#1 E:\Xampp2\htdocs\health\Demo\vendor\codeigniter4\framework\system\Database\BaseConnection.php(663): CodeIgniter\Database\MySQLi\Connection->execute('SELECT `author`...')
#2 E:\Xampp2\htdocs\health\Demo\vendor\codeigniter4\framework\system\Database\BaseConnection.php(591): CodeIgniter\Database\BaseConnection->simpleQuery('SELECT `author`...')
#3 E:\Xampp2\htdocs\health\Demo\vendor\codeigniter4\framework\system\Database\BaseBuilder.php(1428): CodeIgniter\Database\BaseConnection->query('SELECT `author`...', Array, false)
#4 E:\Xampp2\htdocs\health\Demo\vendor\codeigniter4\framework\system\Model.php(183): CodeIgniter\Database\BaseBuilder->get()
#5 E:\Xampp2\htdocs\health\Demo\vendor\codeigniter4\framework\system\BaseModel.php(584): CodeIgniter\Model->doFindAll(0, 0)
#6 E:\Xampp2\htdocs\health\Demo\app\Controllers\Article.php(33): CodeIgniter\BaseModel->findAll()
#7 E:\Xampp2\htdocs\health\Demo\vendor\codeigniter4\framework\system\CodeIgniter.php(802): App\Controllers\Article->read('13', '10', '2021', '3')
#8 E:\Xampp2\htdocs\health\Demo\vendor\codeigniter4\framework\system\CodeIgniter.php(399): CodeIgniter\CodeIgniter->runController(Object(App\Controllers\Article))
#9 E:\Xampp2\htdocs\health\Demo\vendor\codeigniter4\framework\system\CodeIgniter.php(317): CodeIgniter\CodeIgniter->handleRequest(NULL, Object(Config\Cache), false)
#10 E:\Xampp2\htdocs\health\Demo\public\index.php(37): CodeIgniter\CodeIgniter->run()
#11 E:\Xampp2\htdocs\health\Demo\vendor\codeigniter4\framework\system\Commands\Server\rewrite.php(43): require_once('E:\\Xampp2\\htdoc...')
#12 {main}
CRITICAL - 2021-10-14 09:06:37 --> Undefined variable: author
#0 E:\Xampp2\htdocs\health\Demo\app\Controllers\Article.php(60): CodeIgniter\Debug\Exceptions->errorHandler(8, 'Undefined varia...', 'E:\\Xampp2\\htdoc...', 60, Array)
#1 E:\Xampp2\htdocs\health\Demo\vendor\codeigniter4\framework\system\CodeIgniter.php(802): App\Controllers\Article->read('13', '10', '2021', '3')
#2 E:\Xampp2\htdocs\health\Demo\vendor\codeigniter4\framework\system\CodeIgniter.php(399): CodeIgniter\CodeIgniter->runController(Object(App\Controllers\Article))
#3 E:\Xampp2\htdocs\health\Demo\vendor\codeigniter4\framework\system\CodeIgniter.php(317): CodeIgniter\CodeIgniter->handleRequest(NULL, Object(Config\Cache), false)
#4 E:\Xampp2\htdocs\health\Demo\public\index.php(37): CodeIgniter\CodeIgniter->run()
#5 E:\Xampp2\htdocs\health\Demo\vendor\codeigniter4\framework\system\Commands\Server\rewrite.php(43): require_once('E:\\Xampp2\\htdoc...')
#6 {main}
CRITICAL - 2021-10-14 09:38:25 --> Undefined variable: article
#0 E:\Xampp2\htdocs\health\Demo\app\Views\frontend\pages\article.php(4): CodeIgniter\Debug\Exceptions->errorHandler(8, 'Undefined varia...', 'E:\\Xampp2\\htdoc...', 4, Array)
#1 E:\Xampp2\htdocs\health\Demo\vendor\codeigniter4\framework\system\View\View.php(214): include('E:\\Xampp2\\htdoc...')
#2 E:\Xampp2\htdocs\health\Demo\vendor\codeigniter4\framework\system\View\View.php(217): CodeIgniter\View\View->CodeIgniter\View\{closure}()
#3 E:\Xampp2\htdocs\health\Demo\vendor\codeigniter4\framework\system\Common.php(1092): CodeIgniter\View\View->render('frontend/pages/...', Array, true)
#4 E:\Xampp2\htdocs\health\Demo\app\Controllers\Article.php(65): view('frontend/pages/...', Array)
#5 E:\Xampp2\htdocs\health\Demo\vendor\codeigniter4\framework\system\CodeIgniter.php(802): App\Controllers\Article->read('13', '10', '2021', '2')
#6 E:\Xampp2\htdocs\health\Demo\vendor\codeigniter4\framework\system\CodeIgniter.php(399): CodeIgniter\CodeIgniter->runController(Object(App\Controllers\Article))
#7 E:\Xampp2\htdocs\health\Demo\vendor\codeigniter4\framework\system\CodeIgniter.php(317): CodeIgniter\CodeIgniter->handleRequest(NULL, Object(Config\Cache), false)
#8 E:\Xampp2\htdocs\health\Demo\public\index.php(37): CodeIgniter\CodeIgniter->run()
#9 E:\Xampp2\htdocs\health\Demo\vendor\codeigniter4\framework\system\Commands\Server\rewrite.php(43): require_once('E:\\Xampp2\\htdoc...')
#10 {main}
CRITICAL - 2021-10-14 09:42:05 --> Call to undefined function html_entity_encode()
#0 E:\Xampp2\htdocs\health\Demo\vendor\codeigniter4\framework\system\View\View.php(214): include()
#1 E:\Xampp2\htdocs\health\Demo\vendor\codeigniter4\framework\system\View\View.php(217): CodeIgniter\View\View->CodeIgniter\View\{closure}()
#2 E:\Xampp2\htdocs\health\Demo\vendor\codeigniter4\framework\system\Common.php(1092): CodeIgniter\View\View->render('frontend/pages/...', Array, true)
#3 E:\Xampp2\htdocs\health\Demo\app\Controllers\Article.php(66): view('frontend/pages/...', Array)
#4 E:\Xampp2\htdocs\health\Demo\vendor\codeigniter4\framework\system\CodeIgniter.php(802): App\Controllers\Article->read('13', '10', '2021', '2')
#5 E:\Xampp2\htdocs\health\Demo\vendor\codeigniter4\framework\system\CodeIgniter.php(399): CodeIgniter\CodeIgniter->runController(Object(App\Controllers\Article))
#6 E:\Xampp2\htdocs\health\Demo\vendor\codeigniter4\framework\system\CodeIgniter.php(317): CodeIgniter\CodeIgniter->handleRequest(NULL, Object(Config\Cache), false)
#7 E:\Xampp2\htdocs\health\Demo\public\index.php(37): CodeIgniter\CodeIgniter->run()
#8 E:\Xampp2\htdocs\health\Demo\vendor\codeigniter4\framework\system\Commands\Server\rewrite.php(43): require_once('E:\\Xampp2\\htdoc...')
#9 {main}
CRITICAL - 2021-10-14 09:44:43 --> Undefined variable: item
#0 E:\Xampp2\htdocs\health\Demo\app\Views\frontend\pages\article.php(14): CodeIgniter\Debug\Exceptions->errorHandler(8, 'Undefined varia...', 'E:\\Xampp2\\htdoc...', 14, Array)
#1 E:\Xampp2\htdocs\health\Demo\vendor\codeigniter4\framework\system\View\View.php(214): include('E:\\Xampp2\\htdoc...')
#2 E:\Xampp2\htdocs\health\Demo\vendor\codeigniter4\framework\system\View\View.php(217): CodeIgniter\View\View->CodeIgniter\View\{closure}()
#3 E:\Xampp2\htdocs\health\Demo\vendor\codeigniter4\framework\system\Common.php(1092): CodeIgniter\View\View->render('frontend/pages/...', Array, true)
#4 E:\Xampp2\htdocs\health\Demo\app\Controllers\Article.php(66): view('frontend/pages/...', Array)
#5 E:\Xampp2\htdocs\health\Demo\vendor\codeigniter4\framework\system\CodeIgniter.php(802): App\Controllers\Article->read('13', '10', '2021', '2')
#6 E:\Xampp2\htdocs\health\Demo\vendor\codeigniter4\framework\system\CodeIgniter.php(399): CodeIgniter\CodeIgniter->runController(Object(App\Controllers\Article))
#7 E:\Xampp2\htdocs\health\Demo\vendor\codeigniter4\framework\system\CodeIgniter.php(317): CodeIgniter\CodeIgniter->handleRequest(NULL, Object(Config\Cache), false)
#8 E:\Xampp2\htdocs\health\Demo\public\index.php(37): CodeIgniter\CodeIgniter->run()
#9 E:\Xampp2\htdocs\health\Demo\vendor\codeigniter4\framework\system\Commands\Server\rewrite.php(43): require_once('E:\\Xampp2\\htdoc...')
#10 {main}
ERROR - 2021-10-14 18:58:20 --> Duplicate column name 'image'
CRITICAL - 2021-10-14 19:21:12 --> Undefined variable: item
#0 E:\Xampp2\htdocs\health\Demo\app\Views\frontend\_component\grid.php(9): CodeIgniter\Debug\Exceptions->errorHandler(8, 'Undefined varia...', 'E:\\Xampp2\\htdoc...', 9, Array)
#1 E:\Xampp2\htdocs\health\Demo\vendor\codeigniter4\framework\system\View\View.php(214): include('E:\\Xampp2\\htdoc...')
#2 E:\Xampp2\htdocs\health\Demo\vendor\codeigniter4\framework\system\View\View.php(217): CodeIgniter\View\View->CodeIgniter\View\{closure}()
#3 E:\Xampp2\htdocs\health\Demo\vendor\codeigniter4\framework\system\Common.php(1092): CodeIgniter\View\View->render('frontend/_compo...', Array, true)
#4 E:\Xampp2\htdocs\health\Demo\app\Views\frontend\pages\home.php(7): view('frontend/_compo...', Array)
#5 E:\Xampp2\htdocs\health\Demo\vendor\codeigniter4\framework\system\View\View.php(214): include('E:\\Xampp2\\htdoc...')
#6 E:\Xampp2\htdocs\health\Demo\vendor\codeigniter4\framework\system\View\View.php(217): CodeIgniter\View\View->CodeIgniter\View\{closure}()
#7 E:\Xampp2\htdocs\health\Demo\vendor\codeigniter4\framework\system\Common.php(1092): CodeIgniter\View\View->render('frontend/pages/...', Array, true)
#8 E:\Xampp2\htdocs\health\Demo\app\Controllers\Home.php(79): view('frontend/pages/...', Array)
#9 E:\Xampp2\htdocs\health\Demo\vendor\codeigniter4\framework\system\CodeIgniter.php(802): App\Controllers\Home->index()
#10 E:\Xampp2\htdocs\health\Demo\vendor\codeigniter4\framework\system\CodeIgniter.php(399): CodeIgniter\CodeIgniter->runController(Object(App\Controllers\Home))
#11 E:\Xampp2\htdocs\health\Demo\vendor\codeigniter4\framework\system\CodeIgniter.php(317): CodeIgniter\CodeIgniter->handleRequest(NULL, Object(Config\Cache), false)
#12 E:\Xampp2\htdocs\health\Demo\public\index.php(37): CodeIgniter\CodeIgniter->run()
#13 E:\Xampp2\htdocs\health\Demo\vendor\codeigniter4\framework\system\Commands\Server\rewrite.php(43): require_once('E:\\Xampp2\\htdoc...')
#14 {main}
CRITICAL - 2021-10-14 19:57:04 --> Undefined property: stdClass::$date
#0 E:\Xampp2\htdocs\health\Demo\app\Views\frontend\pages\article.php(43): CodeIgniter\Debug\Exceptions->errorHandler(8, 'Undefined prope...', 'E:\\Xampp2\\htdoc...', 43, Array)
#1 E:\Xampp2\htdocs\health\Demo\vendor\codeigniter4\framework\system\View\View.php(214): include('E:\\Xampp2\\htdoc...')
#2 E:\Xampp2\htdocs\health\Demo\vendor\codeigniter4\framework\system\View\View.php(217): CodeIgniter\View\View->CodeIgniter\View\{closure}()
#3 E:\Xampp2\htdocs\health\Demo\vendor\codeigniter4\framework\system\Common.php(1092): CodeIgniter\View\View->render('frontend/pages/...', Array, true)
#4 E:\Xampp2\htdocs\health\Demo\app\Controllers\Article.php(71): view('frontend/pages/...', Array)
#5 E:\Xampp2\htdocs\health\Demo\vendor\codeigniter4\framework\system\CodeIgniter.php(802): App\Controllers\Article->read('13', '10', '2021', '3')
#6 E:\Xampp2\htdocs\health\Demo\vendor\codeigniter4\framework\system\CodeIgniter.php(399): CodeIgniter\CodeIgniter->runController(Object(App\Controllers\Article))
#7 E:\Xampp2\htdocs\health\Demo\vendor\codeigniter4\framework\system\CodeIgniter.php(317): CodeIgniter\CodeIgniter->handleRequest(NULL, Object(Config\Cache), false)
#8 E:\Xampp2\htdocs\health\Demo\public\index.php(37): CodeIgniter\CodeIgniter->run()
#9 E:\Xampp2\htdocs\health\Demo\vendor\codeigniter4\framework\system\Commands\Server\rewrite.php(43): require_once('E:\\Xampp2\\htdoc...')
#10 {main}
ERROR - 2021-10-14 19:59:15 --> Unknown column 'category.template' in 'field list'
CRITICAL - 2021-10-14 19:59:15 --> Unknown column 'category.template' in 'field list'
#0 E:\Xampp2\htdocs\health\Demo\vendor\codeigniter4\framework\system\Database\MySQLi\Connection.php(280): mysqli->query('SELECT `article...')
#1 E:\Xampp2\htdocs\health\Demo\vendor\codeigniter4\framework\system\Database\BaseConnection.php(663): CodeIgniter\Database\MySQLi\Connection->execute('SELECT `article...')
#2 E:\Xampp2\htdocs\health\Demo\vendor\codeigniter4\framework\system\Database\BaseConnection.php(591): CodeIgniter\Database\BaseConnection->simpleQuery('SELECT `article...')
#3 E:\Xampp2\htdocs\health\Demo\vendor\codeigniter4\framework\system\Database\BaseBuilder.php(1428): CodeIgniter\Database\BaseConnection->query('SELECT `article...', Array, false)
#4 E:\Xampp2\htdocs\health\Demo\vendor\codeigniter4\framework\system\Model.php(183): CodeIgniter\Database\BaseBuilder->get()
#5 E:\Xampp2\htdocs\health\Demo\vendor\codeigniter4\framework\system\BaseModel.php(584): CodeIgniter\Model->doFindAll(0, 0)
#6 E:\Xampp2\htdocs\health\Demo\app\Controllers\Article.php(46): CodeIgniter\BaseModel->findAll()
#7 E:\Xampp2\htdocs\health\Demo\vendor\codeigniter4\framework\system\CodeIgniter.php(802): App\Controllers\Article->read('13', '10', '2021', '3')
#8 E:\Xampp2\htdocs\health\Demo\vendor\codeigniter4\framework\system\CodeIgniter.php(399): CodeIgniter\CodeIgniter->runController(Object(App\Controllers\Article))
#9 E:\Xampp2\htdocs\health\Demo\vendor\codeigniter4\framework\system\CodeIgniter.php(317): CodeIgniter\CodeIgniter->handleRequest(NULL, Object(Config\Cache), false)
#10 E:\Xampp2\htdocs\health\Demo\public\index.php(37): CodeIgniter\CodeIgniter->run()
#11 E:\Xampp2\htdocs\health\Demo\vendor\codeigniter4\framework\system\Commands\Server\rewrite.php(43): require_once('E:\\Xampp2\\htdoc...')
#12 {main}
ERROR - 2021-10-14 19:59:32 --> Unknown column 'category.template' in 'field list'
CRITICAL - 2021-10-14 19:59:32 --> Unknown column 'category.template' in 'field list'
#0 E:\Xampp2\htdocs\health\Demo\vendor\codeigniter4\framework\system\Database\MySQLi\Connection.php(280): mysqli->query('SELECT `article...')
#1 E:\Xampp2\htdocs\health\Demo\vendor\codeigniter4\framework\system\Database\BaseConnection.php(663): CodeIgniter\Database\MySQLi\Connection->execute('SELECT `article...')
#2 E:\Xampp2\htdocs\health\Demo\vendor\codeigniter4\framework\system\Database\BaseConnection.php(591): CodeIgniter\Database\BaseConnection->simpleQuery('SELECT `article...')
#3 E:\Xampp2\htdocs\health\Demo\vendor\codeigniter4\framework\system\Database\BaseBuilder.php(1428): CodeIgniter\Database\BaseConnection->query('SELECT `article...', Array, false)
#4 E:\Xampp2\htdocs\health\Demo\vendor\codeigniter4\framework\system\Model.php(183): CodeIgniter\Database\BaseBuilder->get()
#5 E:\Xampp2\htdocs\health\Demo\vendor\codeigniter4\framework\system\BaseModel.php(584): CodeIgniter\Model->doFindAll(0, 0)
#6 E:\Xampp2\htdocs\health\Demo\app\Controllers\Article.php(46): CodeIgniter\BaseModel->findAll()
#7 E:\Xampp2\htdocs\health\Demo\vendor\codeigniter4\framework\system\CodeIgniter.php(802): App\Controllers\Article->read('13', '10', '2021', '3')
#8 E:\Xampp2\htdocs\health\Demo\vendor\codeigniter4\framework\system\CodeIgniter.php(399): CodeIgniter\CodeIgniter->runController(Object(App\Controllers\Article))
#9 E:\Xampp2\htdocs\health\Demo\vendor\codeigniter4\framework\system\CodeIgniter.php(317): CodeIgniter\CodeIgniter->handleRequest(NULL, Object(Config\Cache), false)
#10 E:\Xampp2\htdocs\health\Demo\public\index.php(37): CodeIgniter\CodeIgniter->run()
#11 E:\Xampp2\htdocs\health\Demo\vendor\codeigniter4\framework\system\Commands\Server\rewrite.php(43): require_once('E:\\Xampp2\\htdoc...')
#12 {main}
ERROR - 2021-10-14 19:59:33 --> Unknown column 'category.template' in 'field list'
CRITICAL - 2021-10-14 19:59:33 --> Unknown column 'category.template' in 'field list'
#0 E:\Xampp2\htdocs\health\Demo\vendor\codeigniter4\framework\system\Database\MySQLi\Connection.php(280): mysqli->query('SELECT `article...')
#1 E:\Xampp2\htdocs\health\Demo\vendor\codeigniter4\framework\system\Database\BaseConnection.php(663): CodeIgniter\Database\MySQLi\Connection->execute('SELECT `article...')
#2 E:\Xampp2\htdocs\health\Demo\vendor\codeigniter4\framework\system\Database\BaseConnection.php(591): CodeIgniter\Database\BaseConnection->simpleQuery('SELECT `article...')
#3 E:\Xampp2\htdocs\health\Demo\vendor\codeigniter4\framework\system\Database\BaseBuilder.php(1428): CodeIgniter\Database\BaseConnection->query('SELECT `article...', Array, false)
#4 E:\Xampp2\htdocs\health\Demo\vendor\codeigniter4\framework\system\Model.php(183): CodeIgniter\Database\BaseBuilder->get()
#5 E:\Xampp2\htdocs\health\Demo\vendor\codeigniter4\framework\system\BaseModel.php(584): CodeIgniter\Model->doFindAll(0, 0)
#6 E:\Xampp2\htdocs\health\Demo\app\Controllers\Article.php(46): CodeIgniter\BaseModel->findAll()
#7 E:\Xampp2\htdocs\health\Demo\vendor\codeigniter4\framework\system\CodeIgniter.php(802): App\Controllers\Article->read('13', '10', '2021', '3')
#8 E:\Xampp2\htdocs\health\Demo\vendor\codeigniter4\framework\system\CodeIgniter.php(399): CodeIgniter\CodeIgniter->runController(Object(App\Controllers\Article))
#9 E:\Xampp2\htdocs\health\Demo\vendor\codeigniter4\framework\system\CodeIgniter.php(317): CodeIgniter\CodeIgniter->handleRequest(NULL, Object(Config\Cache), false)
#10 E:\Xampp2\htdocs\health\Demo\public\index.php(37): CodeIgniter\CodeIgniter->run()
#11 E:\Xampp2\htdocs\health\Demo\vendor\codeigniter4\framework\system\Commands\Server\rewrite.php(43): require_once('E:\\Xampp2\\htdoc...')
#12 {main}
ERROR - 2021-10-14 19:59:34 --> Unknown column 'category.template' in 'field list'
CRITICAL - 2021-10-14 19:59:34 --> Unknown column 'category.template' in 'field list'
#0 E:\Xampp2\htdocs\health\Demo\vendor\codeigniter4\framework\system\Database\MySQLi\Connection.php(280): mysqli->query('SELECT `article...')
#1 E:\Xampp2\htdocs\health\Demo\vendor\codeigniter4\framework\system\Database\BaseConnection.php(663): CodeIgniter\Database\MySQLi\Connection->execute('SELECT `article...')
#2 E:\Xampp2\htdocs\health\Demo\vendor\codeigniter4\framework\system\Database\BaseConnection.php(591): CodeIgniter\Database\BaseConnection->simpleQuery('SELECT `article...')
#3 E:\Xampp2\htdocs\health\Demo\vendor\codeigniter4\framework\system\Database\BaseBuilder.php(1428): CodeIgniter\Database\BaseConnection->query('SELECT `article...', Array, false)
#4 E:\Xampp2\htdocs\health\Demo\vendor\codeigniter4\framework\system\Model.php(183): CodeIgniter\Database\BaseBuilder->get()
#5 E:\Xampp2\htdocs\health\Demo\vendor\codeigniter4\framework\system\BaseModel.php(584): CodeIgniter\Model->doFindAll(0, 0)
#6 E:\Xampp2\htdocs\health\Demo\app\Controllers\Article.php(46): CodeIgniter\BaseModel->findAll()
#7 E:\Xampp2\htdocs\health\Demo\vendor\codeigniter4\framework\system\CodeIgniter.php(802): App\Controllers\Article->read('13', '10', '2021', '3')
#8 E:\Xampp2\htdocs\health\Demo\vendor\codeigniter4\framework\system\CodeIgniter.php(399): CodeIgniter\CodeIgniter->runController(Object(App\Controllers\Article))
#9 E:\Xampp2\htdocs\health\Demo\vendor\codeigniter4\framework\system\CodeIgniter.php(317): CodeIgniter\CodeIgniter->handleRequest(NULL, Object(Config\Cache), false)
#10 E:\Xampp2\htdocs\health\Demo\public\index.php(37): CodeIgniter\CodeIgniter->run()
#11 E:\Xampp2\htdocs\health\Demo\vendor\codeigniter4\framework\system\Commands\Server\rewrite.php(43): require_once('E:\\Xampp2\\htdoc...')
#12 {main}
CRITICAL - 2021-10-14 20:15:09 --> Class 'App\Models\Group_role_model' not found
#0 E:\Xampp2\htdocs\health\Demo\vendor\codeigniter4\framework\system\CodeIgniter.php(802): App\Controllers\Admin\Admin->index()
#1 E:\Xampp2\htdocs\health\Demo\vendor\codeigniter4\framework\system\CodeIgniter.php(399): CodeIgniter\CodeIgniter->runController(Object(App\Controllers\Admin\Admin))
#2 E:\Xampp2\htdocs\health\Demo\vendor\codeigniter4\framework\system\CodeIgniter.php(317): CodeIgniter\CodeIgniter->handleRequest(NULL, Object(Config\Cache), false)
#3 E:\Xampp2\htdocs\health\Demo\public\index.php(37): CodeIgniter\CodeIgniter->run()
#4 E:\Xampp2\htdocs\health\Demo\vendor\codeigniter4\framework\system\Commands\Server\rewrite.php(43): require_once('E:\\Xampp2\\htdoc...')
#5 {main}
CRITICAL - 2021-10-14 20:21:06 --> Class 'App\Models\Group_role_model' not found
#0 E:\Xampp2\htdocs\health\Demo\vendor\codeigniter4\framework\system\CodeIgniter.php(802): App\Controllers\Admin\Admin->index()
#1 E:\Xampp2\htdocs\health\Demo\vendor\codeigniter4\framework\system\CodeIgniter.php(399): CodeIgniter\CodeIgniter->runController(Object(App\Controllers\Admin\Admin))
#2 E:\Xampp2\htdocs\health\Demo\vendor\codeigniter4\framework\system\CodeIgniter.php(317): CodeIgniter\CodeIgniter->handleRequest(NULL, Object(Config\Cache), false)
#3 E:\Xampp2\htdocs\health\Demo\public\index.php(37): CodeIgniter\CodeIgniter->run()
#4 E:\Xampp2\htdocs\health\Demo\vendor\codeigniter4\framework\system\Commands\Server\rewrite.php(43): require_once('E:\\Xampp2\\htdoc...')
#5 {main}
CRITICAL - 2021-10-14 20:40:53 --> Undefined property: stdClass::$id
#0 E:\Xampp2\htdocs\health\Demo\app\Views\frontend\pages\article.php(36): CodeIgniter\Debug\Exceptions->errorHandler(8, 'Undefined prope...', 'E:\\Xampp2\\htdoc...', 36, Array)
#1 E:\Xampp2\htdocs\health\Demo\vendor\codeigniter4\framework\system\View\View.php(214): include('E:\\Xampp2\\htdoc...')
#2 E:\Xampp2\htdocs\health\Demo\vendor\codeigniter4\framework\system\View\View.php(217): CodeIgniter\View\View->CodeIgniter\View\{closure}()
#3 E:\Xampp2\htdocs\health\Demo\vendor\codeigniter4\framework\system\Common.php(1092): CodeIgniter\View\View->render('frontend/pages/...', Array, true)
#4 E:\Xampp2\htdocs\health\Demo\app\Controllers\Article.php(81): view('frontend/pages/...', Array)
#5 E:\Xampp2\htdocs\health\Demo\vendor\codeigniter4\framework\system\CodeIgniter.php(802): App\Controllers\Article->read('14', '10', '2021', '4', 'dinamis')
#6 E:\Xampp2\htdocs\health\Demo\vendor\codeigniter4\framework\system\CodeIgniter.php(399): CodeIgniter\CodeIgniter->runController(Object(App\Controllers\Article))
#7 E:\Xampp2\htdocs\health\Demo\vendor\codeigniter4\framework\system\CodeIgniter.php(317): CodeIgniter\CodeIgniter->handleRequest(NULL, Object(Config\Cache), false)
#8 E:\Xampp2\htdocs\health\Demo\public\index.php(37): CodeIgniter\CodeIgniter->run()
#9 E:\Xampp2\htdocs\health\Demo\vendor\codeigniter4\framework\system\Commands\Server\rewrite.php(43): require_once('E:\\Xampp2\\htdoc...')
#10 {main}
